Build started 6/18/2021 1:57:10 PM.
     1>Project "C:\Users\FredrichVonPreussen\Downloads\portal-sdk-2013-master\portal-sdk-2013-master\src\game\client\client_portal.vcxproj" on node 6 (Rebuild target(s)).
     1>PreBuildEvent:
         if EXIST ..\..\..\game\portal\bin\.\client.dll for /f "delims=" %%A in ('attrib "..\..\..\game\portal\bin\.\client.dll"') do set valveTmpIsReadOnly="%%A"
         set valveTmpIsReadOnlyLetter=%valveTmpIsReadOnly:~6,1%
         if "%valveTmpIsReadOnlyLetter%"=="R" del /q "C:\Users\FredrichVonPreussen\Downloads\portal-sdk-2013-master\portal-sdk-2013-master\src\game\client\Release_portal\"client.dll
         if exist "..\..\devtools\bin\vpc.exe" "..\..\devtools\bin\vpc.exe" -crc2 "client_portal.vcxproj"
         if ERRORLEVEL 1 exit /b 1
         
         :VCEnd
       CustomBuild:
         Compiling pointeroverride.asm
          Assembling: C:\Users\FredrichVonPreussen\Downloads\portal-sdk-2013-master\portal-sdk-2013-master\src\public\tier0\pointeroverride.asm
         Microsoft (R) Macro Assembler Version 12.00.40629.0
         Copyright (C) Microsoft Corporation.  All rights reserved.
         
         Running VPC CRC Check - client_portal.vpc
       ClCompile:
         C:\Program Files (x86)\Microsoft Visual Studio 12.0\VC\bin\CL.exe /c /I.\hl2 /I.\hl2\elements /I.\portal /I.\portal\vgui /I..\..\game\shared\hl2 /I..\..\game\shared\Multiplayer /I..\..\gcsdk\steamextra /I..\..\game\shared\portal /I.\ /I..\..\common /I..\..\public /I..\..\public\tier0 /I..\..\public\tier1 /I..\..\game\client\generated_proto_portal /I"..\..\thirdparty\protobuf-2.3.0\src" /I..\..\vgui2\include /I..\..\vgui2\controls /I..\..\game\shared /I.\game_controls /I..\..\thirdparty\sixensesdk\include /Zi /nologo /W4 /WX /MP /O2 /Ob2 /Oi /Ot /Oy- /D VPC /D RAD_TELEMETRY_DISABLED /D WIN32 /D _WIN32 /D NDEBUG /D _WINDOWS /D _USRDLL /D _CRT_SECURE_NO_DEPRECATE /D _CRT_NONSTDC_NO_DEPRECATE /D _ALLOW_RUNTIME_LIBRARY_MISMATCH /D _ALLOW_ITERATOR_DEBUG_LEVEL_MISMATCH /D _ALLOW_MSC_VER_MISMATCH /D _USING_V110_SDK71_ /D _WINDLL /D _MBCS /D COMPILER_MSVC32 /D COMPILER_MSVC32 /D COMPILER_MSVC /D _DLL_EXT=.dll /D DLLNAME=client /D BINK_VIDEO /D AVI_VIDEO /D WMV_VIDEO /D DEV_BUILD /D FRAME_POINTER_OMISSION_DISABLED /D NO_STRING_T /D CLIENT_DLL /D VECTOR /D VERSION_SAFE_STEAM_API_INTERFACES /D PROTECTED_THINGS_ENABLE /D strncpy=use_Q_strncpy_instead /D _snprintf=use_Q_snprintf_instead /D ENABLE_CHROMEHTMLWINDOW /D fopen=dont_use_fopen /D PORTAL /D HL2_EPISODIC /D HL2_CLIENT_DLL /D _EXTERNAL_DLL_EXT=.dll /D VPCGAMECAPS=PORTAL /D "PROJECTDIR=C:\Users\FredrichVonPreussen\Downloads\portal-sdk-2013-master\portal-sdk-2013-master\src\game\client" /D _DLL_EXT=.dll /D SOURCE1=1 /D VPCGAME=portal /GF /Gm- /MT /GS /Gy /arch:SSE /fp:fast /Zc:wchar_t /Zc:forScope /GR /Yc"cbase.h" /Fp".\Release_portal\/client.pch" /Fo".\Release_portal\/" /Fd".\Release_portal\/vc120.pdb" /Gd /TP /wd4316 /analyze- /FC /errorReport:prompt /Zm200 /d2Zi+ /Gw stdafx.cpp
         stdafx.cpp
         C:\Program Files (x86)\Microsoft Visual Studio 12.0\VC\bin\CL.exe /c /I.\hl2 /I.\hl2\elements /I.\portal /I.\portal\vgui /I..\..\game\shared\hl2 /I..\..\game\shared\Multiplayer /I..\..\gcsdk\steamextra /I..\..\game\shared\portal /I.\ /I..\..\common /I..\..\public /I..\..\public\tier0 /I..\..\public\tier1 /I..\..\game\client\generated_proto_portal /I"..\..\thirdparty\protobuf-2.3.0\src" /I..\..\vgui2\include /I..\..\vgui2\controls /I..\..\game\shared /I.\game_controls /I..\..\thirdparty\sixensesdk\include /Zi /nologo /W4 /WX /MP /O2 /Ob2 /Oi /Ot /Oy- /D VPC /D RAD_TELEMETRY_DISABLED /D WIN32 /D _WIN32 /D NDEBUG /D _WINDOWS /D _USRDLL /D _CRT_SECURE_NO_DEPRECATE /D _CRT_NONSTDC_NO_DEPRECATE /D _ALLOW_RUNTIME_LIBRARY_MISMATCH /D _ALLOW_ITERATOR_DEBUG_LEVEL_MISMATCH /D _ALLOW_MSC_VER_MISMATCH /D _USING_V110_SDK71_ /D _WINDLL /D _MBCS /D COMPILER_MSVC32 /D COMPILER_MSVC32 /D COMPILER_MSVC /D _DLL_EXT=.dll /D DLLNAME=client /D BINK_VIDEO /D AVI_VIDEO /D WMV_VIDEO /D DEV_BUILD /D FRAME_POINTER_OMISSION_DISABLED /D NO_STRING_T /D CLIENT_DLL /D VECTOR /D VERSION_SAFE_STEAM_API_INTERFACES /D PROTECTED_THINGS_ENABLE /D strncpy=use_Q_strncpy_instead /D _snprintf=use_Q_snprintf_instead /D ENABLE_CHROMEHTMLWINDOW /D fopen=dont_use_fopen /D PORTAL /D HL2_EPISODIC /D HL2_CLIENT_DLL /D _EXTERNAL_DLL_EXT=.dll /D VPCGAMECAPS=PORTAL /D "PROJECTDIR=C:\Users\FredrichVonPreussen\Downloads\portal-sdk-2013-master\portal-sdk-2013-master\src\game\client" /D _DLL_EXT=.dll /D SOURCE1=1 /D VPCGAME=portal /GF /Gm- /MT /GS /Gy /arch:SSE /fp:fast /Zc:wchar_t /Zc:forScope /GR /Yu"cbase.h" /Fp".\Release_portal\/client.pch" /Fo".\Release_portal\/" /Fd".\Release_portal\/vc120.pdb" /Gd /TP /wd4316 /analyze- /FC /errorReport:prompt /Zm200 /d2Zi+ /Gw mp3player.cpp replay\cdll_replay.cpp replay\replaycamera.cpp achievement_notification_panel.cpp ..\..\game\shared\achievement_saverestore.cpp ..\..\game\shared\achievementmgr.cpp ..\..\game\shared\achievements_hlx.cpp ..\..\game\shared\activitylist.cpp alphamaterialproxy.cpp ..\..\game\shared\ammodef.cpp animatedentitytextureproxy.cpp animatedoffsettextureproxy.cpp animatedtextureproxy.cpp AnimateSpecificTextureProxy.cpp ..\..\game\shared\animation.cpp ..\..\game\shared\base_playeranimstate.cpp ..\..\game\shared\baseachievement.cpp baseanimatedtextureproxy.cpp baseclientrendertargets.cpp ..\..\game\shared\basecombatcharacter_shared.cpp ..\..\game\shared\basecombatweapon_shared.cpp ..\..\game\shared\baseentity_shared.cpp ..\..\game\shared\basegrenade_shared.cpp ..\..\game\shared\baseparticleentity.cpp ..\..\game\shared\baseplayer_shared.cpp basepresence.cpp ..\..\game\shared\baseprojectile.cpp ..\..\game\shared\baseviewmodel_shared.cpp ..\..\game\shared\beam_shared.cpp beamdraw.cpp ..\..\public\bone_accessor.cpp bone_merge_cache.cpp c_ai_basehumanoid.cpp c_ai_basenpc.cpp c_baseanimating.cpp c_baseanimatingoverlay.cpp c_basecombatcharacter.cpp c_basecombatweapon.cpp c_basedoor.cpp c_baseentity.cpp c_baseflex.cpp c_baseplayer.cpp c_baseviewmodel.cpp c_breakableprop.cpp c_colorcorrection.cpp c_colorcorrectionvolume.cpp c_dynamiclight.cpp c_entitydissolve.cpp c_entityparticletrail.cpp c_env_fog_controller.cpp c_env_particlescript.cpp c_env_projectedtexture.cpp c_env_screenoverlay.cpp c_env_tonemap_controller.cpp c_fire_smoke.cpp c_fish.cpp c_func_areaportalwindow.cpp c_func_breakablesurf.cpp c_func_conveyor.cpp c_func_dust.cpp c_func_lod.cpp hl2\C_Func_Monitor.cpp c_func_occluder.cpp c_func_reflective_glass.cpp c_func_rotating.cpp c_func_smokevolume.cpp c_func_tracktrain.cpp c_gib.cpp c_hairball.cpp c_info_overlay_accessor.cpp c_lightglow.cpp C_MaterialModifyControl.cpp c_particle_system.cpp c_physbox.cpp c_physicsprop.cpp c_physmagnet.cpp c_pixel_visibility.cpp c_plasma.cpp c_playerresource.cpp c_point_camera.cpp c_point_commentary_node.cpp c_props.cpp c_ragdoll_manager.cpp c_rope.cpp c_rumble.cpp c_sceneentity.cpp c_shadowcontrol.cpp c_slideshow_display.cpp c_soundscape.cpp c_spotlight_end.cpp c_sprite.cpp c_sprite_perfmonitor.cpp c_sun.cpp c_team.cpp c_team_objectiveresource.cpp c_tesla.cpp c_test_proxytoggle.cpp c_user_message_register.cpp c_vehicle_choreo_generic.cpp c_vehicle_jeep.cpp c_vguiscreen.cpp ..\..\game\client\c_vote_controller.cpp hl2\c_waterbullet.cpp C_WaterLODControl.cpp c_world.cpp ..\..\game\shared\cam_thirdperson.cpp camomaterialproxy.cpp cdll_bounded_cvars.cpp cdll_client_int.cpp cdll_util.cpp cl_mat_stub.cpp classmap.cpp client_factorylist.cpp client_thinklist.cpp client_virtualreality.cpp clienteffectprecachesystem.cpp cliententitylist.cpp clientleafsystem.cpp clientmode_shared.cpp clientshadowmgr.cpp clientsideeffects.cpp clientsideeffects_test.cpp clientsteamcontext.cpp ..\..\game\shared\collisionproperty.cpp colorcorrectionmgr.cpp commentary_modelviewer.cpp ..\..\game\shared\death_pose.cpp ..\..\game\shared\debugoverlay_shared.cpp ..\..\game\shared\decals.cpp detailobjectsystem.cpp dummyproxy.cpp ..\..\game\shared\effect_dispatch_data.cpp EffectsClient.cpp ..\..\game\shared\ehandle.cpp ..\..\game\shared\entitylist_base.cpp entityoriginmaterialproxy.cpp ..\..\game\shared\EntityParticleTrail_Shared.cpp ..\..\game\shared\env_detail_controller.cpp ..\..\game\shared\env_wind_shared.cpp ..\..\game\shared\eventlist.cpp flashlighteffect.cpp ..\..\game\shared\func_ladder.cpp functionproxy.cpp fx_blood.cpp fx_cube.cpp fx_explosion.cpp fx_fleck.cpp fx_impact.cpp fx_interpvalue.cpp fx_quad.cpp fx_shelleject.cpp fx_staticline.cpp fx_tracer.cpp fx_trail.cpp fx_water.cpp ..\..\game\shared\gamemovement.cpp ..\..\game\shared\gamerules.cpp ..\..\game\shared\gamerules_register.cpp ..\..\game\shared\GameStats.cpp ..\..\game\shared\gamestringpool.cpp gametrace_client.cpp ..\..\game\shared\gamevars_shared.cpp geiger.cpp glow_outline_effect.cpp glow_overlay.cpp ..\..\public\haptics\haptic_msgs.cpp ..\..\public\haptics\haptic_utils.cpp ..\..\game\shared\hintmessage.cpp ..\..\game\shared\hintsystem.cpp history_resource.cpp hltvcamera.cpp hud.cpp hud_animationinfo.cpp hl2\hud_autoaim.cpp hud_basechat.cpp hud_basetimer.cpp hud_bitmapnumericdisplay.cpp hud_chat.cpp hud_closecaption.cpp hud_crosshair.cpp hud_element_helper.cpp hl2\hud_filmdemo.cpp hl2\hud_hdrdemo.cpp hud_hintdisplay.cpp hud_msg.cpp hud_numericdisplay.cpp hud_pdump.cpp hud_redraw.cpp hud_vehicle.cpp hud_weapon.cpp ..\..\game\shared\igamesystem.cpp in_camera.cpp in_joystick.cpp in_main.cpp initializer.cpp interpolatedvar.cpp IsNPCProxy.cpp lampbeamproxy.cpp lamphaloproxy.cpp ..\..\game\shared\mapentities_shared.cpp mathproxy.cpp matrixproxy.cpp menu.cpp message.cpp movehelper_client.cpp ..\..\game\shared\movevars_shared.cpp ..\..\game\shared\mp_shareddefs.cpp ..\..\game\shared\multiplay_gamerules.cpp ..\..\game\shared\obstacle_pushaway.cpp panelmetaclassmgr.cpp particle_collision.cpp particle_litsmokeemitter.cpp ..\..\game\shared\particle_parse.cpp ..\..\game\shared\particle_property.cpp particle_proxies.cpp particle_simple3d.cpp particlemgr.cpp particles_attractor.cpp particles_ez.cpp particles_localspace.cpp particles_new.cpp particles_simple.cpp ..\..\game\shared\particlesystemquery.cpp perfvisualbenchmark.cpp physics.cpp physics_main_client.cpp ..\..\game\shared\physics_main_shared.cpp ..\..\game\shared\physics_saverestore.cpp ..\..\game\shared\physics_shared.cpp physpropclientside.cpp playerandobjectenumerator.cpp playerspawncache.cpp ..\..\game\shared\point_bonusmaps_accessor.cpp ..\..\game\shared\point_posecontroller.cpp ..\..\game\shared\precache_register.cpp ..\..\game\shared\predictableid.cpp prediction.cpp ..\..\game\shared\predictioncopy.cpp ..\..\game\shared\props_shared.cpp proxyentity.cpp ProxyHealth.cpp proxyplayer.cpp proxypupil.cpp ragdoll.cpp ..\..\game\shared\ragdoll_shared.cpp recvproxy.cpp ..\..\game\shared\rope_helpers.cpp ..\..\game\shared\saverestore.cpp ..\..\game\shared\sceneentity_shared.cpp ScreenSpaceEffects.cpp ..\..\game\shared\sequence_Transitioner.cpp simple_keys.cpp ..\..\game\shared\simtimer.cpp ..\..\game\shared\singleplay_gamerules.cpp ..\..\game\shared\SoundEmitterSystem.cpp ..\..\game\shared\soundenvelope.cpp ..\..\public\SoundParametersInternal.cpp splinepatch.cpp ..\..\game\shared\Sprite.cpp spritemodel.cpp ..\..\game\shared\SpriteTrail.cpp ..\..\game\shared\studio_shared.cpp studio_stats.cpp ..\..\game\shared\takedamageinfo.cpp ..\..\game\shared\teamplay_gamerules.cpp ..\..\game\shared\teamplayroundbased_gamerules.cpp ..\..\game\shared\test_ehandle.cpp text_message.cpp texturescrollmaterialproxy.cpp timematerialproxy.cpp toggletextureproxy.cpp train.cpp ..\..\game\shared\usercmd.cpp ..\..\game\shared\usermessages.cpp ..\..\game\shared\util_shared.cpp ..\..\game\shared\vehicle_viewblend_shared.cpp vgui_avatarimage.cpp vgui_basepanel.cpp vgui_bitmapbutton.cpp vgui_bitmapimage.cpp vgui_bitmappanel.cpp vgui_centerstringpanel.cpp vgui_consolepanel.cpp vgui_debugoverlaypanel.cpp vgui_fpspanel.cpp vgui_game_viewport.cpp vgui_grid.cpp vgui_int.cpp vgui_loadingdiscpanel.cpp vgui_messagechars.cpp vgui_netgraphpanel.cpp vgui_schemevisualizer.cpp vgui_slideshow_display_screen.cpp vgui_video.cpp vgui_video_player.cpp view.cpp view_beams.cpp view_effects.cpp view_scene.cpp viewangleanim.cpp ViewConeImage.cpp viewdebug.cpp viewpostprocess.cpp viewrender.cpp ..\..\game\shared\voice_banmgr.cpp ..\..\game\shared\voice_status.cpp warp_overlay.cpp WaterLODMaterialProxy.cpp ..\..\game\shared\weapon_parse.cpp weapon_selection.cpp weapons_resource.cpp WorldDimsProxy.cpp game_controls\basemodel_panel.cpp game_controls\basemodelpanel.cpp game_controls\baseviewport.cpp game_controls\ClientScoreBoardDialog.cpp game_controls\commandmenu.cpp game_controls\IconPanel.cpp game_controls\intromenu.cpp game_controls\MapOverview.cpp game_controls\NavProgress.cpp game_controls\SpectatorGUI.cpp game_controls\teammenu.cpp game_controls\vguitextwindow.cpp ..\..\game\shared\hl2\basehlcombatweapon_shared.cpp hl2\c_antlion_dust.cpp hl2\c_ar2_explosion.cpp hl2\c_barnacle.cpp hl2\c_barney.cpp hl2\c_basehelicopter.cpp hl2\c_basehlcombatweapon.cpp hl2\c_basehlplayer.cpp hl2\c_citadel_effects.cpp hl2\c_corpse.cpp hl2\c_env_alyxtemp.cpp hl2\c_env_headcrabcanister.cpp hl2\c_env_starfield.cpp hl2\c_func_tankmortar.cpp hl2\c_hl2_playerlocaldata.cpp hl2\c_info_teleporter_countdown.cpp hl2\c_npc_antlionguard.cpp hl2\c_npc_combinegunship.cpp hl2\c_npc_manhack.cpp hl2\c_npc_rollermine.cpp hl2\c_plasma_beam_node.cpp hl2\c_prop_combine_ball.cpp hl2\c_rotorwash.cpp hl2\c_script_intro.cpp hl2\c_strider.cpp hl2\c_te_concussiveexplosion.cpp hl2\c_te_flare.cpp hl2\c_thumper_dust.cpp hl2\c_vehicle_airboat.cpp hl2\c_vehicle_cannon.cpp hl2\c_vehicle_crane.cpp episodic\c_vehicle_jeep_episodic.cpp hl2\c_vehicle_prisoner_pod.cpp episodic\c_vort_charge_token.cpp hl2\c_weapon_crossbow.cpp episodic\c_weapon_hopwire.cpp hl2\c_weapon_stunstick.cpp death.cpp ..\..\game\shared\hl2\env_headcrabcanister_shared.cpp episodic\flesh_internal_material_proxy.cpp hl2\fx_antlion.cpp hl2\fx_bugbait.cpp hl2\fx_hl2_impacts.cpp hl2\fx_hl2_tracers.cpp ..\..\game\shared\hl2\hl2_gamerules.cpp ..\..\game\shared\hl2\hl_gamemovement.cpp hl2\hl_in_main.cpp hl2\hl_prediction.cpp hl2\hud_ammo.cpp hl2\hud_battery.cpp hl2\hud_blood.cpp hl2\hud_bonusprogress.cpp hl2\hud_credits.cpp hl2\hud_damageindicator.cpp hl2\hud_flashlight.cpp hl2\hud_health.cpp hl2\hud_poisondamageindicator.cpp hl2\hud_radar.cpp hud_squadstatus.cpp hl2\hud_suitpower.cpp hl2\hud_weaponselection.cpp hl2\hud_zoom.cpp ..\..\game\shared\script_intro_shared.cpp hl2\shieldproxy.cpp ..\..\game\shared\hl2\survival_gamerules.cpp hl2\vgui_rootpanel_hl2.cpp ..\..\game\shared\portal\achievements_portal.cpp portal\c_env_lightraill_endpoint.cpp portal\c_env_portal_path_track.cpp portal\c_func_liquidportal.cpp portal\c_neurotoxin_countdown.cpp portal\c_npc_portal_turret_floor.cpp portal\c_npc_rocket_turret.cpp portal\c_portal_player.cpp portal\c_portal_radio.cpp portal\C_PortalGhostRenderable.cpp portal\c_prop_energy_ball.cpp portal\c_prop_portal.cpp portal\c_prop_portal_stats_display.cpp portal\clientmode_portal.cpp portal\fx_portal.cpp portal\hud_quickinfo.cpp portal\MaterialProxy_Portal_PickAlphaMask.cpp portal\materialproxy_portalstatic.cpp ..\..\game\shared\Multiplayer\multiplayer_animstate.cpp ..\..\game\shared\portal\portal_collideable_enumerator.cpp portal\portal_credits.cpp portal\Portal_DynamicMeshRenderingUtils.cpp ..\..\game\shared\portal\portal_gamemovement.cpp ..\..\game\shared\portal\portal_gamerules.cpp portal\portal_hud_crosshair.cpp ..\..\game\shared\portal\portal_player_shared.cpp ..\..\game\shared\portal\portal_playeranimstate.cpp portal\portal_render_targets.cpp ..\..\game\shared\portal\portal_shareddefs.cpp ..\..\game\shared\portal\portal_usermessages.cpp ..\..\game\shared\portal\portal_util_shared.cpp ..\..\game\shared\portal\portal_weapon_parse.cpp portal\PortalRender.cpp portal\portalrenderable_flatbasic.cpp ..\..\game\shared\portal\PortalSimulation.cpp ..\..\game\shared\portal\prop_portal_shared.cpp ..\..\game\shared\portal\StaticCollisionPolyhedronCache.cpp portal\vgui_neurotoxin_countdown_screen.cpp portal\vgui_portal_stats_display_screen.cpp portal\c_weapon_physcannon.cpp portal\c_weapon_portalgun.cpp portal\c_weapon_stubs_portal.cpp ..\..\game\shared\portal\weapon_portalbase.cpp ..\..\game\shared\portal\weapon_portalbasecombatweapon.cpp ..\..\game\shared\portal\weapon_portalgun_shared.cpp sixense\in_sixense.cpp sixense\in_sixense_gesture_bindings.cpp ..\..\game\shared\sixense\sixense_convars.cpp c_basetempentity.cpp c_effects.cpp c_impact_effects.cpp c_movie_explosion.cpp c_particle_fire.cpp c_particle_smokegrenade.cpp c_prop_vehicle.cpp c_recipientfilter.cpp c_smoke_trail.cpp c_smokestack.cpp c_steamjet.cpp c_stickybolt.cpp c_te.cpp c_te_armorricochet.cpp c_te_basebeam.cpp c_te_beamentpoint.cpp c_te_beaments.cpp c_te_beamfollow.cpp c_te_beamlaser.cpp c_te_beampoints.cpp c_te_beamring.cpp c_te_beamringpoint.cpp c_te_beamspline.cpp c_te_bloodsprite.cpp c_te_bloodstream.cpp c_te_breakmodel.cpp c_te_bspdecal.cpp c_te_bubbles.cpp c_te_bubbletrail.cpp c_te_clientprojectile.cpp c_te_decal.cpp c_te_dynamiclight.cpp c_te_effect_dispatch.cpp c_te_energysplash.cpp c_te_explosion.cpp c_te_fizz.cpp c_te_footprint.cpp c_te_glassshatter.cpp c_te_glowsprite.cpp c_te_impact.cpp c_te_killplayerattachments.cpp c_te_largefunnel.cpp c_te_legacytempents.cpp c_te_muzzleflash.cpp c_te_particlesystem.cpp c_te_physicsprop.cpp c_te_playerdecal.cpp c_te_projecteddecal.cpp c_te_showline.cpp c_te_smoke.cpp c_te_sparks.cpp c_te_sprite.cpp c_te_spritespray.cpp c_te_worlddecal.cpp c_testtraceline.cpp c_tracer.cpp fx.cpp fx_discreetline.cpp fx_envelope.cpp fx_line.cpp fx_sparks.cpp particlesphererenderer.cpp smoke_fog_overlay.cpp ..\..\public\tools\bonelist.cpp entity_client_tools.cpp toolframework_client.cpp
         mp3player.cpp
         cdll_replay.cpp
         replaycamera.cpp
         achievement_notification_panel.cpp
         achievement_saverestore.cpp
         achievementmgr.cpp
         achievements_hlx.cpp
         activitylist.cpp
         alphamaterialproxy.cpp
         ammodef.cpp
         animatedentitytextureproxy.cpp
         animatedoffsettextureproxy.cpp
         animatedtextureproxy.cpp
         AnimateSpecificTextureProxy.cpp
         animation.cpp
         base_playeranimstate.cpp
         baseachievement.cpp
         baseanimatedtextureproxy.cpp
         baseclientrendertargets.cpp
         basecombatcharacter_shared.cpp
         basecombatweapon_shared.cpp
         baseentity_shared.cpp
         basegrenade_shared.cpp
         baseparticleentity.cpp
         baseplayer_shared.cpp
         basepresence.cpp
         baseprojectile.cpp
         baseviewmodel_shared.cpp
         beam_shared.cpp
         beamdraw.cpp
         bone_accessor.cpp
         bone_merge_cache.cpp
         c_ai_basehumanoid.cpp
         c_ai_basenpc.cpp
         c_baseanimating.cpp
         c_baseanimatingoverlay.cpp
         c_basecombatcharacter.cpp
         c_basecombatweapon.cpp
         c_basedoor.cpp
         c_baseentity.cpp
         c_baseflex.cpp
         c_baseplayer.cpp
         c_baseviewmodel.cpp
         c_breakableprop.cpp
         c_colorcorrection.cpp
         c_colorcorrectionvolume.cpp
         c_dynamiclight.cpp
         c_entitydissolve.cpp
         c_entityparticletrail.cpp
         c_env_fog_controller.cpp
         c_env_particlescript.cpp
         c_env_projectedtexture.cpp
         c_env_screenoverlay.cpp
         c_env_tonemap_controller.cpp
         c_fire_smoke.cpp
         c_fish.cpp
         c_func_areaportalwindow.cpp
         c_func_breakablesurf.cpp
         c_func_conveyor.cpp
         c_func_dust.cpp
         c_func_lod.cpp
         C_Func_Monitor.cpp
         c_func_occluder.cpp
         c_func_reflective_glass.cpp
         c_func_rotating.cpp
         c_func_smokevolume.cpp
         c_func_tracktrain.cpp
         c_gib.cpp
         c_hairball.cpp
         c_info_overlay_accessor.cpp
         c_lightglow.cpp
         C_MaterialModifyControl.cpp
         c_particle_system.cpp
         c_physbox.cpp
         c_physicsprop.cpp
         c_physmagnet.cpp
         c_pixel_visibility.cpp
         c_plasma.cpp
         c_playerresource.cpp
         c_point_camera.cpp
         c_point_commentary_node.cpp
         c_props.cpp
         c_ragdoll_manager.cpp
         c_rope.cpp
         c_rumble.cpp
         c_sceneentity.cpp
         c_shadowcontrol.cpp
         c_slideshow_display.cpp
         c_soundscape.cpp
         c_spotlight_end.cpp
         c_sprite.cpp
         c_sprite_perfmonitor.cpp
         c_sun.cpp
         c_team.cpp
         c_team_objectiveresource.cpp
         c_tesla.cpp
         c_test_proxytoggle.cpp
         c_user_message_register.cpp
         c_vehicle_choreo_generic.cpp
         c_vehicle_jeep.cpp
         c_vguiscreen.cpp
         c_vote_controller.cpp
         c_waterbullet.cpp
         C_WaterLODControl.cpp
         c_world.cpp
         cam_thirdperson.cpp
         camomaterialproxy.cpp
         cdll_bounded_cvars.cpp
         cdll_client_int.cpp
         cdll_util.cpp
         cl_mat_stub.cpp
         classmap.cpp
         client_factorylist.cpp
         client_thinklist.cpp
         client_virtualreality.cpp
         clienteffectprecachesystem.cpp
         cliententitylist.cpp
         clientleafsystem.cpp
         clientmode_shared.cpp
         clientshadowmgr.cpp
         clientsideeffects.cpp
         clientsideeffects_test.cpp
         clientsteamcontext.cpp
         collisionproperty.cpp
         colorcorrectionmgr.cpp
         commentary_modelviewer.cpp
         death_pose.cpp
         debugoverlay_shared.cpp
         decals.cpp
         detailobjectsystem.cpp
         dummyproxy.cpp
         effect_dispatch_data.cpp
         EffectsClient.cpp
         ehandle.cpp
         entitylist_base.cpp
         entityoriginmaterialproxy.cpp
         EntityParticleTrail_Shared.cpp
         env_detail_controller.cpp
         env_wind_shared.cpp
         eventlist.cpp
         flashlighteffect.cpp
         func_ladder.cpp
         functionproxy.cpp
         fx_blood.cpp
         fx_cube.cpp
         fx_explosion.cpp
         fx_fleck.cpp
         fx_impact.cpp
         fx_interpvalue.cpp
         fx_quad.cpp
         fx_shelleject.cpp
         fx_staticline.cpp
         fx_tracer.cpp
         fx_trail.cpp
         fx_water.cpp
         gamemovement.cpp
         gamerules.cpp
         gamerules_register.cpp
         GameStats.cpp
         gamestringpool.cpp
         gametrace_client.cpp
         gamevars_shared.cpp
         geiger.cpp
         glow_outline_effect.cpp
         glow_overlay.cpp
         haptic_msgs.cpp
         haptic_utils.cpp
         hintmessage.cpp
         hintsystem.cpp
         history_resource.cpp
         hltvcamera.cpp
         hud.cpp
         hud_animationinfo.cpp
         hud_autoaim.cpp
         hud_basechat.cpp
         hud_basetimer.cpp
         hud_bitmapnumericdisplay.cpp
         hud_chat.cpp
         hud_closecaption.cpp
         hud_crosshair.cpp
         hud_element_helper.cpp
         hud_filmdemo.cpp
         hud_hdrdemo.cpp
         hud_hintdisplay.cpp
         hud_msg.cpp
         hud_numericdisplay.cpp
         hud_pdump.cpp
         hud_redraw.cpp
         hud_vehicle.cpp
         hud_weapon.cpp
         igamesystem.cpp
         in_camera.cpp
         in_joystick.cpp
         in_main.cpp
         initializer.cpp
         interpolatedvar.cpp
         IsNPCProxy.cpp
         lampbeamproxy.cpp
         lamphaloproxy.cpp
         mapentities_shared.cpp
         mathproxy.cpp
         matrixproxy.cpp
         menu.cpp
         message.cpp
         movehelper_client.cpp
         movevars_shared.cpp
         mp_shareddefs.cpp
         multiplay_gamerules.cpp
         obstacle_pushaway.cpp
         panelmetaclassmgr.cpp
         particle_collision.cpp
         particle_litsmokeemitter.cpp
         particle_parse.cpp
         particle_property.cpp
         particle_proxies.cpp
         particle_simple3d.cpp
         particlemgr.cpp
         particles_attractor.cpp
         particles_ez.cpp
         particles_localspace.cpp
         particles_new.cpp
         particles_simple.cpp
         particlesystemquery.cpp
         perfvisualbenchmark.cpp
         physics.cpp
         physics_main_client.cpp
         physics_main_shared.cpp
         physics_saverestore.cpp
         physics_shared.cpp
         physpropclientside.cpp
         playerandobjectenumerator.cpp
         playerspawncache.cpp
         point_bonusmaps_accessor.cpp
         point_posecontroller.cpp
         precache_register.cpp
         predictableid.cpp
         prediction.cpp
         predictioncopy.cpp
         props_shared.cpp
         proxyentity.cpp
         ProxyHealth.cpp
         proxyplayer.cpp
         proxypupil.cpp
         ragdoll.cpp
         ragdoll_shared.cpp
         recvproxy.cpp
         rope_helpers.cpp
         saverestore.cpp
         sceneentity_shared.cpp
         ScreenSpaceEffects.cpp
         sequence_Transitioner.cpp
         simple_keys.cpp
         simtimer.cpp
         singleplay_gamerules.cpp
         SoundEmitterSystem.cpp
         soundenvelope.cpp
         SoundParametersInternal.cpp
         splinepatch.cpp
         Sprite.cpp
         spritemodel.cpp
         SpriteTrail.cpp
         studio_shared.cpp
         studio_stats.cpp
         takedamageinfo.cpp
         teamplay_gamerules.cpp
         teamplayroundbased_gamerules.cpp
         test_ehandle.cpp
         text_message.cpp
         texturescrollmaterialproxy.cpp
         timematerialproxy.cpp
         toggletextureproxy.cpp
         train.cpp
         usercmd.cpp
         usermessages.cpp
         util_shared.cpp
         vehicle_viewblend_shared.cpp
         vgui_avatarimage.cpp
         vgui_basepanel.cpp
         vgui_bitmapbutton.cpp
         vgui_bitmapimage.cpp
         vgui_bitmappanel.cpp
         vgui_centerstringpanel.cpp
         vgui_consolepanel.cpp
         vgui_debugoverlaypanel.cpp
         vgui_fpspanel.cpp
         vgui_game_viewport.cpp
         vgui_grid.cpp
         vgui_int.cpp
         vgui_loadingdiscpanel.cpp
         vgui_messagechars.cpp
         vgui_netgraphpanel.cpp
         vgui_schemevisualizer.cpp
         vgui_slideshow_display_screen.cpp
         vgui_video.cpp
         vgui_video_player.cpp
         view.cpp
         view_beams.cpp
         view_effects.cpp
         view_scene.cpp
         viewangleanim.cpp
         ViewConeImage.cpp
         viewdebug.cpp
         viewpostprocess.cpp
         viewrender.cpp
         voice_banmgr.cpp
         voice_status.cpp
         warp_overlay.cpp
         WaterLODMaterialProxy.cpp
         weapon_parse.cpp
         weapon_selection.cpp
         weapons_resource.cpp
         WorldDimsProxy.cpp
         basemodel_panel.cpp
         basemodelpanel.cpp
         baseviewport.cpp
         ClientScoreBoardDialog.cpp
         commandmenu.cpp
         IconPanel.cpp
         intromenu.cpp
         MapOverview.cpp
         NavProgress.cpp
         SpectatorGUI.cpp
         teammenu.cpp
         vguitextwindow.cpp
         basehlcombatweapon_shared.cpp
         c_antlion_dust.cpp
         c_ar2_explosion.cpp
         c_barnacle.cpp
         c_barney.cpp
         c_basehelicopter.cpp
         c_basehlcombatweapon.cpp
         c_basehlplayer.cpp
         c_citadel_effects.cpp
         c_corpse.cpp
         c_env_alyxtemp.cpp
         c_env_headcrabcanister.cpp
         c_env_starfield.cpp
         c_func_tankmortar.cpp
         c_hl2_playerlocaldata.cpp
         c_info_teleporter_countdown.cpp
         c_npc_antlionguard.cpp
         c_npc_combinegunship.cpp
         c_npc_manhack.cpp
         c_npc_rollermine.cpp
         c_plasma_beam_node.cpp
         c_prop_combine_ball.cpp
         c_rotorwash.cpp
         c_script_intro.cpp
         c_strider.cpp
         c_te_concussiveexplosion.cpp
         c_te_flare.cpp
         c_thumper_dust.cpp
         c_vehicle_airboat.cpp
         c_vehicle_cannon.cpp
         c_vehicle_crane.cpp
         c_vehicle_jeep_episodic.cpp
         c_vehicle_prisoner_pod.cpp
         c_vort_charge_token.cpp
         c_weapon_crossbow.cpp
         c_weapon_hopwire.cpp
         c_weapon_stunstick.cpp
         death.cpp
         env_headcrabcanister_shared.cpp
         flesh_internal_material_proxy.cpp
         fx_antlion.cpp
         fx_bugbait.cpp
         fx_hl2_impacts.cpp
         fx_hl2_tracers.cpp
         hl2_gamerules.cpp
         hl_gamemovement.cpp
         hl_in_main.cpp
         hl_prediction.cpp
         hud_ammo.cpp
         hud_battery.cpp
         hud_blood.cpp
         hud_bonusprogress.cpp
         hud_credits.cpp
         hud_damageindicator.cpp
         hud_flashlight.cpp
         hud_health.cpp
         hud_poisondamageindicator.cpp
         hud_radar.cpp
         hud_squadstatus.cpp
         hud_suitpower.cpp
         hud_weaponselection.cpp
         hud_zoom.cpp
         script_intro_shared.cpp
         shieldproxy.cpp
         survival_gamerules.cpp
         vgui_rootpanel_hl2.cpp
         achievements_portal.cpp
         c_env_lightraill_endpoint.cpp
         c_env_portal_path_track.cpp
         c_func_liquidportal.cpp
         c_neurotoxin_countdown.cpp
         c_npc_portal_turret_floor.cpp
         c_npc_rocket_turret.cpp
         c_portal_player.cpp
         c_portal_radio.cpp
         C_PortalGhostRenderable.cpp
         c_prop_energy_ball.cpp
         c_prop_portal.cpp
         c_prop_portal_stats_display.cpp
         clientmode_portal.cpp
         fx_portal.cpp
         hud_quickinfo.cpp
         MaterialProxy_Portal_PickAlphaMask.cpp
         materialproxy_portalstatic.cpp
         multiplayer_animstate.cpp
         portal_collideable_enumerator.cpp
         portal_credits.cpp
         Portal_DynamicMeshRenderingUtils.cpp
         portal_gamemovement.cpp
         portal_gamerules.cpp
         portal_hud_crosshair.cpp
         portal_player_shared.cpp
         portal_playeranimstate.cpp
         portal_render_targets.cpp
         portal_shareddefs.cpp
         portal_usermessages.cpp
         portal_util_shared.cpp
         portal_weapon_parse.cpp
         PortalRender.cpp
         portalrenderable_flatbasic.cpp
         PortalSimulation.cpp
         prop_portal_shared.cpp
         StaticCollisionPolyhedronCache.cpp
         vgui_neurotoxin_countdown_screen.cpp
         vgui_portal_stats_display_screen.cpp
         c_weapon_physcannon.cpp
         c_weapon_portalgun.cpp
         c_weapon_stubs_portal.cpp
         weapon_portalbase.cpp
         weapon_portalbasecombatweapon.cpp
         weapon_portalgun_shared.cpp
         in_sixense.cpp
         in_sixense_gesture_bindings.cpp
         sixense_convars.cpp
         c_basetempentity.cpp
         c_effects.cpp
         c_impact_effects.cpp
         c_movie_explosion.cpp
         c_particle_fire.cpp
         c_particle_smokegrenade.cpp
         c_prop_vehicle.cpp
         c_recipientfilter.cpp
         c_smoke_trail.cpp
         c_smokestack.cpp
         c_steamjet.cpp
         c_stickybolt.cpp
         c_te.cpp
         c_te_armorricochet.cpp
         c_te_basebeam.cpp
         c_te_beamentpoint.cpp
         c_te_beaments.cpp
         c_te_beamfollow.cpp
         c_te_beamlaser.cpp
         c_te_beampoints.cpp
         c_te_beamring.cpp
         c_te_beamringpoint.cpp
         c_te_beamspline.cpp
         c_te_bloodsprite.cpp
         c_te_bloodstream.cpp
         c_te_breakmodel.cpp
         c_te_bspdecal.cpp
         c_te_bubbles.cpp
         c_te_bubbletrail.cpp
         c_te_clientprojectile.cpp
         c_te_decal.cpp
         c_te_dynamiclight.cpp
         c_te_effect_dispatch.cpp
         c_te_energysplash.cpp
         c_te_explosion.cpp
         c_te_fizz.cpp
         c_te_footprint.cpp
         c_te_glassshatter.cpp
         c_te_glowsprite.cpp
         c_te_impact.cpp
         c_te_killplayerattachments.cpp
         c_te_largefunnel.cpp
         c_te_legacytempents.cpp
         c_te_muzzleflash.cpp
         c_te_particlesystem.cpp
         c_te_physicsprop.cpp
         c_te_playerdecal.cpp
         c_te_projecteddecal.cpp
         c_te_showline.cpp
         c_te_smoke.cpp
         c_te_sparks.cpp
         c_te_sprite.cpp
         c_te_spritespray.cpp
         c_te_worlddecal.cpp
         c_testtraceline.cpp
         c_tracer.cpp
         fx.cpp
         fx_discreetline.cpp
         fx_envelope.cpp
         fx_line.cpp
         fx_sparks.cpp
         particlesphererenderer.cpp
         smoke_fog_overlay.cpp
         bonelist.cpp
         entity_client_tools.cpp
         toolframework_client.cpp
         C:\Program Files (x86)\Microsoft Visual Studio 12.0\VC\bin\CL.exe /c /I.\hl2 /I.\hl2\elements /I.\portal /I.\portal\vgui /I..\..\game\shared\hl2 /I..\..\game\shared\Multiplayer /I..\..\gcsdk\steamextra /I..\..\game\shared\portal /I.\ /I..\..\common /I..\..\public /I..\..\public\tier0 /I..\..\public\tier1 /I..\..\game\client\generated_proto_portal /I"..\..\thirdparty\protobuf-2.3.0\src" /I..\..\vgui2\include /I..\..\vgui2\controls /I..\..\game\shared /I.\game_controls /I..\..\thirdparty\sixensesdk\include /Zi /nologo /W4 /WX /MP /O2 /Ob2 /Oi /Ot /Oy- /D VPC /D RAD_TELEMETRY_DISABLED /D WIN32 /D _WIN32 /D NDEBUG /D _WINDOWS /D _USRDLL /D _CRT_SECURE_NO_DEPRECATE /D _CRT_NONSTDC_NO_DEPRECATE /D _ALLOW_RUNTIME_LIBRARY_MISMATCH /D _ALLOW_ITERATOR_DEBUG_LEVEL_MISMATCH /D _ALLOW_MSC_VER_MISMATCH /D _USING_V110_SDK71_ /D _WINDLL /D _MBCS /D COMPILER_MSVC32 /D COMPILER_MSVC32 /D COMPILER_MSVC /D _DLL_EXT=.dll /D DLLNAME=client /D BINK_VIDEO /D AVI_VIDEO /D WMV_VIDEO /D DEV_BUILD /D FRAME_POINTER_OMISSION_DISABLED /D NO_STRING_T /D CLIENT_DLL /D VECTOR /D VERSION_SAFE_STEAM_API_INTERFACES /D PROTECTED_THINGS_ENABLE /D strncpy=use_Q_strncpy_instead /D _snprintf=use_Q_snprintf_instead /D ENABLE_CHROMEHTMLWINDOW /D fopen=dont_use_fopen /D PORTAL /D HL2_EPISODIC /D HL2_CLIENT_DLL /D _EXTERNAL_DLL_EXT=.dll /D VPCGAMECAPS=PORTAL /D "PROJECTDIR=C:\Users\FredrichVonPreussen\Downloads\portal-sdk-2013-master\portal-sdk-2013-master\src\game\client" /D _DLL_EXT=.dll /D SOURCE1=1 /D VPCGAME=portal /GF /Gm- /MT /GS /Gy /arch:SSE /fp:fast /Zc:wchar_t /Zc:forScope /GR /Fo".\Release_portal\/" /Fd".\Release_portal\/vc120.pdb" /Gd /TP /wd4316 /analyze- /FC /errorReport:prompt /Zm200 /d2Zi+ /Gw ..\..\public\bone_setup.cpp ..\..\public\client_class.cpp ..\..\public\collisionutils.cpp ..\..\common\compiledcaptionswap.cpp ..\..\public\crtmemdebug.cpp ..\..\public\dt_recv.cpp ..\..\public\dt_utlvector_common.cpp ..\..\public\dt_utlvector_recv.cpp ..\..\public\filesystem_helpers.cpp hud_lcd.cpp in_mouse.cpp ..\..\public\interpolatortypes.cpp ..\..\game\shared\interval.cpp ..\..\public\jigglebones.cpp ..\..\common\language.cpp ..\..\public\tier0\memoverride.cpp mumble.cpp ..\..\public\networkvar.cpp ..\..\public\posedebugger.cpp ..\..\common\randoverride.cpp ..\..\public\renamed_recvtable_compat.cpp rendertexture.cpp ..\..\public\rope_physics.cpp ..\..\public\scratchpad3d.cpp ..\..\public\ScratchPadUtils.cpp ..\..\public\sentence.cpp ..\..\game\shared\sheetsimulator.cpp ..\..\public\simple_physics.cpp ..\..\public\stringregistry.cpp ..\..\public\studio.cpp ..\..\public\vallocator.cpp ..\..\public\vgui_controls\vgui_controls.cpp
         bone_setup.cpp
         client_class.cpp
         collisionutils.cpp
         compiledcaptionswap.cpp
         crtmemdebug.cpp
         dt_recv.cpp
         dt_utlvector_common.cpp
         dt_utlvector_recv.cpp
         filesystem_helpers.cpp
         hud_lcd.cpp
         in_mouse.cpp
         interpolatortypes.cpp
         interval.cpp
         jigglebones.cpp
         language.cpp
         memoverride.cpp
         mumble.cpp
         networkvar.cpp
         posedebugger.cpp
         randoverride.cpp
         renamed_recvtable_compat.cpp
         rendertexture.cpp
         rope_physics.cpp
         scratchpad3d.cpp
         ScratchPadUtils.cpp
         sentence.cpp
         sheetsimulator.cpp
         simple_physics.cpp
         stringregistry.cpp
         studio.cpp
         vallocator.cpp
         vgui_controls.cpp
       Link:
         C:\Program Files (x86)\Microsoft Visual Studio 12.0\VC\bin\link.exe /ERRORREPORT:PROMPT /OUT:".\Release_portal\\client.dll" /INCREMENTAL:NO /NOLOGO /LIBPATH:..\..\lib\common\. /LIBPATH:..\..\lib\public\. shell32.lib user32.lib advapi32.lib gdi32.lib comdlg32.lib ole32.lib winmm.lib /NODEFAULTLIB:libc /NODEFAULTLIB:libcd /NODEFAULTLIB:libcmtd /MANIFEST:NO /DEBUG /PDB:".\Release_portal\/client.pdb" /SUBSYSTEM:WINDOWS,"5.01" /OPT:REF /OPT:NOICF /TLBID:1 /DYNAMICBASE:NO /NXCOMPAT /MACHINE:X86 /SAFESEH:NO  /ignore:4221 /DLL .\Release_portal\\pointeroverride.obj
         .\Release_portal\/mp3player.obj
         .\Release_portal\/cdll_replay.obj
         .\Release_portal\/replaycamera.obj
         .\Release_portal\/achievement_notification_panel.obj
         .\Release_portal\/achievement_saverestore.obj
         .\Release_portal\/achievementmgr.obj
         .\Release_portal\/achievements_hlx.obj
         .\Release_portal\/activitylist.obj
         .\Release_portal\/alphamaterialproxy.obj
         .\Release_portal\/ammodef.obj
         .\Release_portal\/animatedentitytextureproxy.obj
         .\Release_portal\/animatedoffsettextureproxy.obj
         .\Release_portal\/animatedtextureproxy.obj
         .\Release_portal\/AnimateSpecificTextureProxy.obj
         .\Release_portal\/animation.obj
         .\Release_portal\/base_playeranimstate.obj
         .\Release_portal\/baseachievement.obj
         .\Release_portal\/baseanimatedtextureproxy.obj
         .\Release_portal\/baseclientrendertargets.obj
         .\Release_portal\/basecombatcharacter_shared.obj
         .\Release_portal\/basecombatweapon_shared.obj
         .\Release_portal\/baseentity_shared.obj
         .\Release_portal\/basegrenade_shared.obj
         .\Release_portal\/baseparticleentity.obj
         .\Release_portal\/baseplayer_shared.obj
         .\Release_portal\/basepresence.obj
         .\Release_portal\/baseprojectile.obj
         .\Release_portal\/baseviewmodel_shared.obj
         .\Release_portal\/beam_shared.obj
         .\Release_portal\/beamdraw.obj
         .\Release_portal\/bone_accessor.obj
         .\Release_portal\/bone_merge_cache.obj
         .\Release_portal\/bone_setup.obj
         .\Release_portal\/c_ai_basehumanoid.obj
         .\Release_portal\/c_ai_basenpc.obj
         .\Release_portal\/c_baseanimating.obj
         .\Release_portal\/c_baseanimatingoverlay.obj
         .\Release_portal\/c_basecombatcharacter.obj
         .\Release_portal\/c_basecombatweapon.obj
         .\Release_portal\/c_basedoor.obj
         .\Release_portal\/c_baseentity.obj
         .\Release_portal\/c_baseflex.obj
         .\Release_portal\/c_baseplayer.obj
         .\Release_portal\/c_baseviewmodel.obj
         .\Release_portal\/c_breakableprop.obj
         .\Release_portal\/c_colorcorrection.obj
         .\Release_portal\/c_colorcorrectionvolume.obj
         .\Release_portal\/c_dynamiclight.obj
         .\Release_portal\/c_entitydissolve.obj
         .\Release_portal\/c_entityparticletrail.obj
         .\Release_portal\/c_env_fog_controller.obj
         .\Release_portal\/c_env_particlescript.obj
         .\Release_portal\/c_env_projectedtexture.obj
         .\Release_portal\/c_env_screenoverlay.obj
         .\Release_portal\/c_env_tonemap_controller.obj
         .\Release_portal\/c_fire_smoke.obj
         .\Release_portal\/c_fish.obj
         .\Release_portal\/c_func_areaportalwindow.obj
         .\Release_portal\/c_func_breakablesurf.obj
         .\Release_portal\/c_func_conveyor.obj
         .\Release_portal\/c_func_dust.obj
         .\Release_portal\/c_func_lod.obj
         .\Release_portal\/C_Func_Monitor.obj
         .\Release_portal\/c_func_occluder.obj
         .\Release_portal\/c_func_reflective_glass.obj
         .\Release_portal\/c_func_rotating.obj
         .\Release_portal\/c_func_smokevolume.obj
         .\Release_portal\/c_func_tracktrain.obj
         .\Release_portal\/c_gib.obj
         .\Release_portal\/c_hairball.obj
         .\Release_portal\/c_info_overlay_accessor.obj
         .\Release_portal\/c_lightglow.obj
         .\Release_portal\/C_MaterialModifyControl.obj
         .\Release_portal\/c_particle_system.obj
         .\Release_portal\/c_physbox.obj
         .\Release_portal\/c_physicsprop.obj
         .\Release_portal\/c_physmagnet.obj
         .\Release_portal\/c_pixel_visibility.obj
         .\Release_portal\/c_plasma.obj
         .\Release_portal\/c_playerresource.obj
         .\Release_portal\/c_point_camera.obj
         .\Release_portal\/c_point_commentary_node.obj
         .\Release_portal\/c_props.obj
         .\Release_portal\/c_ragdoll_manager.obj
         .\Release_portal\/c_rope.obj
         .\Release_portal\/c_rumble.obj
         .\Release_portal\/c_sceneentity.obj
         .\Release_portal\/c_shadowcontrol.obj
         .\Release_portal\/c_slideshow_display.obj
         .\Release_portal\/c_soundscape.obj
         .\Release_portal\/c_spotlight_end.obj
         .\Release_portal\/c_sprite.obj
         .\Release_portal\/c_sprite_perfmonitor.obj
         .\Release_portal\/c_sun.obj
         .\Release_portal\/c_team.obj
         .\Release_portal\/c_team_objectiveresource.obj
         .\Release_portal\/c_tesla.obj
         .\Release_portal\/c_test_proxytoggle.obj
         .\Release_portal\/c_user_message_register.obj
         .\Release_portal\/c_vehicle_choreo_generic.obj
         .\Release_portal\/c_vehicle_jeep.obj
         .\Release_portal\/c_vguiscreen.obj
         .\Release_portal\/c_vote_controller.obj
         .\Release_portal\/c_waterbullet.obj
         .\Release_portal\/C_WaterLODControl.obj
         .\Release_portal\/c_world.obj
         .\Release_portal\/cam_thirdperson.obj
         .\Release_portal\/camomaterialproxy.obj
         .\Release_portal\/cdll_bounded_cvars.obj
         .\Release_portal\/cdll_client_int.obj
         .\Release_portal\/cdll_util.obj
         .\Release_portal\/cl_mat_stub.obj
         .\Release_portal\/classmap.obj
         .\Release_portal\/client_class.obj
         .\Release_portal\/client_factorylist.obj
         .\Release_portal\/client_thinklist.obj
         .\Release_portal\/client_virtualreality.obj
         .\Release_portal\/clienteffectprecachesystem.obj
         .\Release_portal\/cliententitylist.obj
         .\Release_portal\/clientleafsystem.obj
         .\Release_portal\/clientmode_shared.obj
         .\Release_portal\/clientshadowmgr.obj
         .\Release_portal\/clientsideeffects.obj
         .\Release_portal\/clientsideeffects_test.obj
         .\Release_portal\/clientsteamcontext.obj
         .\Release_portal\/collisionproperty.obj
         .\Release_portal\/collisionutils.obj
         .\Release_portal\/colorcorrectionmgr.obj
         .\Release_portal\/commentary_modelviewer.obj
         .\Release_portal\/compiledcaptionswap.obj
         .\Release_portal\/crtmemdebug.obj
         .\Release_portal\/death_pose.obj
         .\Release_portal\/debugoverlay_shared.obj
         .\Release_portal\/decals.obj
         .\Release_portal\/detailobjectsystem.obj
         .\Release_portal\/dt_recv.obj
         .\Release_portal\/dt_utlvector_common.obj
         .\Release_portal\/dt_utlvector_recv.obj
         .\Release_portal\/dummyproxy.obj
         .\Release_portal\/effect_dispatch_data.obj
         .\Release_portal\/EffectsClient.obj
         .\Release_portal\/ehandle.obj
         .\Release_portal\/entitylist_base.obj
         .\Release_portal\/entityoriginmaterialproxy.obj
         .\Release_portal\/EntityParticleTrail_Shared.obj
         .\Release_portal\/env_detail_controller.obj
         .\Release_portal\/env_wind_shared.obj
         .\Release_portal\/eventlist.obj
         .\Release_portal\/filesystem_helpers.obj
         .\Release_portal\/flashlighteffect.obj
         .\Release_portal\/func_ladder.obj
         .\Release_portal\/functionproxy.obj
         .\Release_portal\/fx_blood.obj
         .\Release_portal\/fx_cube.obj
         .\Release_portal\/fx_explosion.obj
         .\Release_portal\/fx_fleck.obj
         .\Release_portal\/fx_impact.obj
         .\Release_portal\/fx_interpvalue.obj
         .\Release_portal\/fx_quad.obj
         .\Release_portal\/fx_shelleject.obj
         .\Release_portal\/fx_staticline.obj
         .\Release_portal\/fx_tracer.obj
         .\Release_portal\/fx_trail.obj
         .\Release_portal\/fx_water.obj
         .\Release_portal\/gamemovement.obj
         .\Release_portal\/gamerules.obj
         .\Release_portal\/gamerules_register.obj
         .\Release_portal\/GameStats.obj
         .\Release_portal\/gamestringpool.obj
         .\Release_portal\/gametrace_client.obj
         .\Release_portal\/gamevars_shared.obj
         .\Release_portal\/geiger.obj
         .\Release_portal\/glow_outline_effect.obj
         .\Release_portal\/glow_overlay.obj
         .\Release_portal\/haptic_msgs.obj
         .\Release_portal\/haptic_utils.obj
         .\Release_portal\/hintmessage.obj
         .\Release_portal\/hintsystem.obj
         .\Release_portal\/history_resource.obj
         .\Release_portal\/hltvcamera.obj
         .\Release_portal\/hud.obj
         .\Release_portal\/hud_animationinfo.obj
         .\Release_portal\/hud_autoaim.obj
         .\Release_portal\/hud_basechat.obj
         .\Release_portal\/hud_basetimer.obj
         .\Release_portal\/hud_bitmapnumericdisplay.obj
         .\Release_portal\/hud_chat.obj
         .\Release_portal\/hud_closecaption.obj
         .\Release_portal\/hud_crosshair.obj
         .\Release_portal\/hud_element_helper.obj
         .\Release_portal\/hud_filmdemo.obj
         .\Release_portal\/hud_hdrdemo.obj
         .\Release_portal\/hud_hintdisplay.obj
         .\Release_portal\/hud_lcd.obj
         .\Release_portal\/hud_msg.obj
         .\Release_portal\/hud_numericdisplay.obj
         .\Release_portal\/hud_pdump.obj
         .\Release_portal\/hud_redraw.obj
         .\Release_portal\/hud_vehicle.obj
         .\Release_portal\/hud_weapon.obj
         .\Release_portal\/igamesystem.obj
         .\Release_portal\/in_camera.obj
         .\Release_portal\/in_joystick.obj
         .\Release_portal\/in_main.obj
         .\Release_portal\/in_mouse.obj
         .\Release_portal\/initializer.obj
         .\Release_portal\/interpolatedvar.obj
         .\Release_portal\/interpolatortypes.obj
         .\Release_portal\/interval.obj
         .\Release_portal\/IsNPCProxy.obj
         .\Release_portal\/jigglebones.obj
         .\Release_portal\/lampbeamproxy.obj
         .\Release_portal\/lamphaloproxy.obj
         .\Release_portal\/language.obj
         .\Release_portal\/mapentities_shared.obj
         .\Release_portal\/mathproxy.obj
         .\Release_portal\/matrixproxy.obj
         .\Release_portal\/memoverride.obj
         .\Release_portal\/menu.obj
         .\Release_portal\/message.obj
         .\Release_portal\/movehelper_client.obj
         .\Release_portal\/movevars_shared.obj
         .\Release_portal\/mp_shareddefs.obj
         .\Release_portal\/multiplay_gamerules.obj
         .\Release_portal\/mumble.obj
         .\Release_portal\/networkvar.obj
         .\Release_portal\/obstacle_pushaway.obj
         .\Release_portal\/panelmetaclassmgr.obj
         .\Release_portal\/particle_collision.obj
         .\Release_portal\/particle_litsmokeemitter.obj
         .\Release_portal\/particle_parse.obj
         .\Release_portal\/particle_property.obj
         .\Release_portal\/particle_proxies.obj
         .\Release_portal\/particle_simple3d.obj
         .\Release_portal\/particlemgr.obj
         .\Release_portal\/particles_attractor.obj
         .\Release_portal\/particles_ez.obj
         .\Release_portal\/particles_localspace.obj
         .\Release_portal\/particles_new.obj
         .\Release_portal\/particles_simple.obj
         .\Release_portal\/particlesystemquery.obj
         .\Release_portal\/perfvisualbenchmark.obj
         .\Release_portal\/physics.obj
         .\Release_portal\/physics_main_client.obj
         .\Release_portal\/physics_main_shared.obj
         .\Release_portal\/physics_saverestore.obj
         .\Release_portal\/physics_shared.obj
         .\Release_portal\/physpropclientside.obj
         .\Release_portal\/playerandobjectenumerator.obj
         .\Release_portal\/playerspawncache.obj
         .\Release_portal\/point_bonusmaps_accessor.obj
         .\Release_portal\/point_posecontroller.obj
         .\Release_portal\/posedebugger.obj
         .\Release_portal\/precache_register.obj
         .\Release_portal\/predictableid.obj
         .\Release_portal\/prediction.obj
         .\Release_portal\/predictioncopy.obj
         .\Release_portal\/props_shared.obj
         .\Release_portal\/proxyentity.obj
         .\Release_portal\/ProxyHealth.obj
         .\Release_portal\/proxyplayer.obj
         .\Release_portal\/proxypupil.obj
         .\Release_portal\/ragdoll.obj
         .\Release_portal\/ragdoll_shared.obj
         .\Release_portal\/randoverride.obj
         .\Release_portal\/recvproxy.obj
         .\Release_portal\/renamed_recvtable_compat.obj
         .\Release_portal\/rendertexture.obj
         .\Release_portal\/rope_helpers.obj
         .\Release_portal\/rope_physics.obj
         .\Release_portal\/saverestore.obj
         .\Release_portal\/sceneentity_shared.obj
         .\Release_portal\/scratchpad3d.obj
         .\Release_portal\/ScratchPadUtils.obj
         .\Release_portal\/ScreenSpaceEffects.obj
         .\Release_portal\/sentence.obj
         .\Release_portal\/sequence_Transitioner.obj
         .\Release_portal\/sheetsimulator.obj
         .\Release_portal\/simple_keys.obj
         .\Release_portal\/simple_physics.obj
         .\Release_portal\/simtimer.obj
         .\Release_portal\/singleplay_gamerules.obj
         .\Release_portal\/SoundEmitterSystem.obj
         .\Release_portal\/soundenvelope.obj
         .\Release_portal\/SoundParametersInternal.obj
         .\Release_portal\/splinepatch.obj
         .\Release_portal\/Sprite.obj
         .\Release_portal\/spritemodel.obj
         .\Release_portal\/SpriteTrail.obj
         .\Release_portal\/stringregistry.obj
         .\Release_portal\/studio.obj
         .\Release_portal\/studio_shared.obj
         .\Release_portal\/studio_stats.obj
         .\Release_portal\/takedamageinfo.obj
         .\Release_portal\/teamplay_gamerules.obj
         .\Release_portal\/teamplayroundbased_gamerules.obj
         .\Release_portal\/test_ehandle.obj
         .\Release_portal\/text_message.obj
         .\Release_portal\/texturescrollmaterialproxy.obj
         .\Release_portal\/timematerialproxy.obj
         .\Release_portal\/toggletextureproxy.obj
         .\Release_portal\/train.obj
         .\Release_portal\/usercmd.obj
         .\Release_portal\/usermessages.obj
         .\Release_portal\/util_shared.obj
         .\Release_portal\/vallocator.obj
         .\Release_portal\/vehicle_viewblend_shared.obj
         .\Release_portal\/vgui_avatarimage.obj
         .\Release_portal\/vgui_basepanel.obj
         .\Release_portal\/vgui_bitmapbutton.obj
         .\Release_portal\/vgui_bitmapimage.obj
         .\Release_portal\/vgui_bitmappanel.obj
         .\Release_portal\/vgui_centerstringpanel.obj
         .\Release_portal\/vgui_consolepanel.obj
         .\Release_portal\/vgui_controls.obj
         .\Release_portal\/vgui_debugoverlaypanel.obj
         .\Release_portal\/vgui_fpspanel.obj
         .\Release_portal\/vgui_game_viewport.obj
         .\Release_portal\/vgui_grid.obj
         .\Release_portal\/vgui_int.obj
         .\Release_portal\/vgui_loadingdiscpanel.obj
         .\Release_portal\/vgui_messagechars.obj
         .\Release_portal\/vgui_netgraphpanel.obj
         .\Release_portal\/vgui_schemevisualizer.obj
         .\Release_portal\/vgui_slideshow_display_screen.obj
         .\Release_portal\/vgui_video.obj
         .\Release_portal\/vgui_video_player.obj
         .\Release_portal\/view.obj
         .\Release_portal\/view_beams.obj
         .\Release_portal\/view_effects.obj
         .\Release_portal\/view_scene.obj
         .\Release_portal\/viewangleanim.obj
         .\Release_portal\/ViewConeImage.obj
         .\Release_portal\/viewdebug.obj
         .\Release_portal\/viewpostprocess.obj
         .\Release_portal\/viewrender.obj
         .\Release_portal\/voice_banmgr.obj
         .\Release_portal\/voice_status.obj
         .\Release_portal\/warp_overlay.obj
         .\Release_portal\/WaterLODMaterialProxy.obj
         .\Release_portal\/weapon_parse.obj
         .\Release_portal\/weapon_selection.obj
         .\Release_portal\/weapons_resource.obj
         .\Release_portal\/WorldDimsProxy.obj
         .\Release_portal\/basemodel_panel.obj
         .\Release_portal\/basemodelpanel.obj
         .\Release_portal\/baseviewport.obj
         .\Release_portal\/ClientScoreBoardDialog.obj
         .\Release_portal\/commandmenu.obj
         .\Release_portal\/IconPanel.obj
         .\Release_portal\/intromenu.obj
         .\Release_portal\/MapOverview.obj
         .\Release_portal\/NavProgress.obj
         .\Release_portal\/SpectatorGUI.obj
         .\Release_portal\/teammenu.obj
         .\Release_portal\/vguitextwindow.obj
         .\Release_portal\/basehlcombatweapon_shared.obj
         .\Release_portal\/c_antlion_dust.obj
         .\Release_portal\/c_ar2_explosion.obj
         .\Release_portal\/c_barnacle.obj
         .\Release_portal\/c_barney.obj
         .\Release_portal\/c_basehelicopter.obj
         .\Release_portal\/c_basehlcombatweapon.obj
         .\Release_portal\/c_basehlplayer.obj
         .\Release_portal\/c_citadel_effects.obj
         .\Release_portal\/c_corpse.obj
         .\Release_portal\/c_env_alyxtemp.obj
         .\Release_portal\/c_env_headcrabcanister.obj
         .\Release_portal\/c_env_starfield.obj
         .\Release_portal\/c_func_tankmortar.obj
         .\Release_portal\/c_hl2_playerlocaldata.obj
         .\Release_portal\/c_info_teleporter_countdown.obj
         .\Release_portal\/c_npc_antlionguard.obj
         .\Release_portal\/c_npc_combinegunship.obj
         .\Release_portal\/c_npc_manhack.obj
         .\Release_portal\/c_npc_rollermine.obj
         .\Release_portal\/c_plasma_beam_node.obj
         .\Release_portal\/c_prop_combine_ball.obj
         .\Release_portal\/c_rotorwash.obj
         .\Release_portal\/c_script_intro.obj
         .\Release_portal\/c_strider.obj
         .\Release_portal\/c_te_concussiveexplosion.obj
         .\Release_portal\/c_te_flare.obj
         .\Release_portal\/c_thumper_dust.obj
         .\Release_portal\/c_vehicle_airboat.obj
         .\Release_portal\/c_vehicle_cannon.obj
         .\Release_portal\/c_vehicle_crane.obj
         .\Release_portal\/c_vehicle_jeep_episodic.obj
         .\Release_portal\/c_vehicle_prisoner_pod.obj
         .\Release_portal\/c_vort_charge_token.obj
         .\Release_portal\/c_weapon_crossbow.obj
         .\Release_portal\/c_weapon_hopwire.obj
         .\Release_portal\/c_weapon_stunstick.obj
         .\Release_portal\/death.obj
         .\Release_portal\/env_headcrabcanister_shared.obj
         .\Release_portal\/flesh_internal_material_proxy.obj
         .\Release_portal\/fx_antlion.obj
         .\Release_portal\/fx_bugbait.obj
         .\Release_portal\/fx_hl2_impacts.obj
         .\Release_portal\/fx_hl2_tracers.obj
         .\Release_portal\/hl2_gamerules.obj
         .\Release_portal\/hl_gamemovement.obj
         .\Release_portal\/hl_in_main.obj
         .\Release_portal\/hl_prediction.obj
         .\Release_portal\/hud_ammo.obj
         .\Release_portal\/hud_battery.obj
         .\Release_portal\/hud_blood.obj
         .\Release_portal\/hud_bonusprogress.obj
         .\Release_portal\/hud_credits.obj
         .\Release_portal\/hud_damageindicator.obj
         .\Release_portal\/hud_flashlight.obj
         .\Release_portal\/hud_health.obj
         .\Release_portal\/hud_poisondamageindicator.obj
         .\Release_portal\/hud_radar.obj
         .\Release_portal\/hud_squadstatus.obj
         .\Release_portal\/hud_suitpower.obj
         .\Release_portal\/hud_weaponselection.obj
         .\Release_portal\/hud_zoom.obj
         .\Release_portal\/script_intro_shared.obj
         .\Release_portal\/shieldproxy.obj
         .\Release_portal\/survival_gamerules.obj
         .\Release_portal\/vgui_rootpanel_hl2.obj
         .\Release_portal\/achievements_portal.obj
         .\Release_portal\/c_env_lightraill_endpoint.obj
         .\Release_portal\/c_env_portal_path_track.obj
         .\Release_portal\/c_func_liquidportal.obj
         .\Release_portal\/c_neurotoxin_countdown.obj
         .\Release_portal\/c_npc_portal_turret_floor.obj
         .\Release_portal\/c_npc_rocket_turret.obj
         .\Release_portal\/c_portal_player.obj
         .\Release_portal\/c_portal_radio.obj
         .\Release_portal\/C_PortalGhostRenderable.obj
         .\Release_portal\/c_prop_energy_ball.obj
         .\Release_portal\/c_prop_portal.obj
         .\Release_portal\/c_prop_portal_stats_display.obj
         .\Release_portal\/clientmode_portal.obj
         .\Release_portal\/fx_portal.obj
         .\Release_portal\/hud_quickinfo.obj
         .\Release_portal\/MaterialProxy_Portal_PickAlphaMask.obj
         .\Release_portal\/materialproxy_portalstatic.obj
         .\Release_portal\/multiplayer_animstate.obj
         .\Release_portal\/portal_collideable_enumerator.obj
         .\Release_portal\/portal_credits.obj
         .\Release_portal\/Portal_DynamicMeshRenderingUtils.obj
         .\Release_portal\/portal_gamemovement.obj
         .\Release_portal\/portal_gamerules.obj
         .\Release_portal\/portal_hud_crosshair.obj
         .\Release_portal\/portal_player_shared.obj
         .\Release_portal\/portal_playeranimstate.obj
         .\Release_portal\/portal_render_targets.obj
         .\Release_portal\/portal_shareddefs.obj
         .\Release_portal\/portal_usermessages.obj
         .\Release_portal\/portal_util_shared.obj
         .\Release_portal\/portal_weapon_parse.obj
         .\Release_portal\/PortalRender.obj
         .\Release_portal\/portalrenderable_flatbasic.obj
         .\Release_portal\/PortalSimulation.obj
         .\Release_portal\/prop_portal_shared.obj
         .\Release_portal\/StaticCollisionPolyhedronCache.obj
         .\Release_portal\/vgui_neurotoxin_countdown_screen.obj
         .\Release_portal\/vgui_portal_stats_display_screen.obj
         .\Release_portal\/c_weapon_physcannon.obj
         .\Release_portal\/c_weapon_portalgun.obj
         .\Release_portal\/c_weapon_stubs_portal.obj
         .\Release_portal\/weapon_portalbase.obj
         .\Release_portal\/weapon_portalbasecombatweapon.obj
         .\Release_portal\/weapon_portalgun_shared.obj
         .\Release_portal\/stdafx.obj
         .\Release_portal\/in_sixense.obj
         .\Release_portal\/in_sixense_gesture_bindings.obj
         .\Release_portal\/sixense_convars.obj
         .\Release_portal\/c_basetempentity.obj
         .\Release_portal\/c_effects.obj
         .\Release_portal\/c_impact_effects.obj
         .\Release_portal\/c_movie_explosion.obj
         .\Release_portal\/c_particle_fire.obj
         .\Release_portal\/c_particle_smokegrenade.obj
         .\Release_portal\/c_prop_vehicle.obj
         .\Release_portal\/c_recipientfilter.obj
         .\Release_portal\/c_smoke_trail.obj
         .\Release_portal\/c_smokestack.obj
         .\Release_portal\/c_steamjet.obj
         .\Release_portal\/c_stickybolt.obj
         .\Release_portal\/c_te.obj
         .\Release_portal\/c_te_armorricochet.obj
         .\Release_portal\/c_te_basebeam.obj
         .\Release_portal\/c_te_beamentpoint.obj
         .\Release_portal\/c_te_beaments.obj
         .\Release_portal\/c_te_beamfollow.obj
         .\Release_portal\/c_te_beamlaser.obj
         .\Release_portal\/c_te_beampoints.obj
         .\Release_portal\/c_te_beamring.obj
         .\Release_portal\/c_te_beamringpoint.obj
         .\Release_portal\/c_te_beamspline.obj
         .\Release_portal\/c_te_bloodsprite.obj
         .\Release_portal\/c_te_bloodstream.obj
         .\Release_portal\/c_te_breakmodel.obj
         .\Release_portal\/c_te_bspdecal.obj
         .\Release_portal\/c_te_bubbles.obj
         .\Release_portal\/c_te_bubbletrail.obj
         .\Release_portal\/c_te_clientprojectile.obj
         .\Release_portal\/c_te_decal.obj
         .\Release_portal\/c_te_dynamiclight.obj
         .\Release_portal\/c_te_effect_dispatch.obj
         .\Release_portal\/c_te_energysplash.obj
         .\Release_portal\/c_te_explosion.obj
         .\Release_portal\/c_te_fizz.obj
         .\Release_portal\/c_te_footprint.obj
         .\Release_portal\/c_te_glassshatter.obj
         .\Release_portal\/c_te_glowsprite.obj
         .\Release_portal\/c_te_impact.obj
         .\Release_portal\/c_te_killplayerattachments.obj
         .\Release_portal\/c_te_largefunnel.obj
         .\Release_portal\/c_te_legacytempents.obj
         .\Release_portal\/c_te_muzzleflash.obj
         .\Release_portal\/c_te_particlesystem.obj
         .\Release_portal\/c_te_physicsprop.obj
         .\Release_portal\/c_te_playerdecal.obj
         .\Release_portal\/c_te_projecteddecal.obj
         .\Release_portal\/c_te_showline.obj
         .\Release_portal\/c_te_smoke.obj
         .\Release_portal\/c_te_sparks.obj
         .\Release_portal\/c_te_sprite.obj
         .\Release_portal\/c_te_spritespray.obj
         .\Release_portal\/c_te_worlddecal.obj
         .\Release_portal\/c_testtraceline.obj
         .\Release_portal\/c_tracer.obj
         .\Release_portal\/fx.obj
         .\Release_portal\/fx_discreetline.obj
         .\Release_portal\/fx_envelope.obj
         .\Release_portal\/fx_line.obj
         .\Release_portal\/fx_sparks.obj
         .\Release_portal\/particlesphererenderer.obj
         .\Release_portal\/smoke_fog_overlay.obj
         .\Release_portal\/bonelist.obj
         .\Release_portal\/entity_client_tools.obj
         .\Release_portal\/toolframework_client.obj
         ..\..\lib\public\bitmap.lib
         ..\..\lib\public\choreoobjects.lib
         ..\..\lib\public\dmxloader.lib
         ..\..\lib\common\libcurl.lib
         ..\..\lib\public\libprotobuf.lib
         ..\..\lib\public\libz.lib
         ..\..\lib\public\mathlib.lib
         ..\..\lib\public\matsys_controls.lib
         ..\..\lib\public\particles.lib
         ..\..\lib\public\steam_api.lib
         ..\..\lib\public\tier0.lib
         ..\..\lib\public\tier1.lib
         ..\..\lib\public\tier2.lib
         ..\..\lib\public\tier3.lib
         ..\..\lib\public\vgui_controls.lib
         ..\..\lib\public\vstdlib.lib
         ..\..\lib\public\vtf.lib
            Creating library .\Release_portal\\client.lib and object .\Release_portal\\client.exp
         client_portal.vcxproj -> C:\Users\FredrichVonPreussen\Downloads\portal-sdk-2013-master\portal-sdk-2013-master\src\game\client\.\Release_portal\client.dll
       PostBuildEvent:
         if not exist "..\..\..\game\portal\bin\." mkdir "..\..\..\game\portal\bin\."
         copy "C:\Users\FredrichVonPreussen\Downloads\portal-sdk-2013-master\portal-sdk-2013-master\src\game\client\Release_portal\client.dll" "..\..\..\game\portal\bin\.\client.dll"
         if ERRORLEVEL 1 goto BuildEventFailed
         if exist "C:\Users\FredrichVonPreussen\Downloads\portal-sdk-2013-master\portal-sdk-2013-master\src\game\client\Release_portal\client.map" copy "C:\Users\FredrichVonPreussen\Downloads\portal-sdk-2013-master\portal-sdk-2013-master\src\game\client\Release_portal\client.map" ..\..\..\game\portal\bin\.\client.map
         copy "C:\Users\FredrichVonPreussen\Downloads\portal-sdk-2013-master\portal-sdk-2013-master\src\game\client\Release_portal\client.pdb" ..\..\..\game\portal\bin\.\client.pdb
         if ERRORLEVEL 1 goto BuildEventFailed
         goto BuildEventOK
         :BuildEventFailed
         echo *** ERROR! PostBuildStep FAILED for Client (Portal)! EXE or DLL is probably running. ***
         del /q "C:\Users\FredrichVonPreussen\Downloads\portal-sdk-2013-master\portal-sdk-2013-master\src\game\client\Release_portal\client.dll"
         exit 1
         :BuildEventOK
         
         :VCEnd
                 1 file(s) copied.
                 1 file(s) copied.
     1>Done Building Project "C:\Users\FredrichVonPreussen\Downloads\portal-sdk-2013-master\portal-sdk-2013-master\src\game\client\client_portal.vcxproj" (Rebuild target(s)).

Build succeeded.

Time Elapsed 00:01:05.98
