PRT1
76
167
4 0 17 (4096 0 448 ) (4096 0 256 ) (4224 0 256 ) (4224 0 448 ) 
4 0 5 (4096 0 256 ) (4096 0 448 ) (4096 96 448 ) (4096 96 256 ) 
4 0 3 (4096 96 448 ) (4096 256 448 ) (4096 256 256 ) (4096 96 256 ) 
4 0 2 (4224 0 256 ) (4096 0 256 ) (4096 96 256 ) (4224 96 256 ) 
4 0 1 (4096 96 256 ) (4096 256 256 ) (4224 256 256 ) (4224 96 256 ) 
4 1 7 (4096 96 256 ) (4096 256 256 ) (4096 256 64 ) (4096 96 64 ) 
4 1 2 (4096 96 64 ) (4224 96 64 ) (4224 96 256 ) (4096 96 256 ) 
4 2 18 (4224 0 64 ) (4224 0 256 ) (4096 0 256 ) (4096 0 64 ) 
4 2 9 (4096 0 64 ) (4096 0 256 ) (4096 96 256 ) (4096 96 64 ) 
4 3 7 (3264 256 256 ) (4096 256 256 ) (4096 96 256 ) (3264 96 256 ) 
4 3 5 (3264 96 256 ) (4096 96 256 ) (4096 96 448 ) (3264 96 448 ) 
4 4 10 (3072 96 448 ) (3072 256 448 ) (3072 256 256 ) (3072 96 256 ) 
4 4 8 (3072 96 256 ) (3072 256 256 ) (3200 256 256 ) (3200 96 256 ) 
4 4 6 (3072 96 256 ) (3200 96 256 ) (3200 96 448 ) (3072 96 448 ) 
4 5 20 (4096 0 256 ) (4096 0 448 ) (3264 0 448 ) (3264 0 256 ) 
4 5 9 (4096 0 256 ) (3264 0 256 ) (3264 96 256 ) (4096 96 256 ) 
4 6 21 (3200 0 448 ) (3072 0 448 ) (3072 0 256 ) (3200 0 256 ) 
4 6 10 (3072 0 256 ) (3072 0 448 ) (3072 96 448 ) (3072 96 256 ) 
4 6 9 (3200 0 256 ) (3072 0 256 ) (3072 96 256 ) (3200 96 256 ) 
4 7 9 (3264 96 64 ) (4096 96 64 ) (4096 96 256 ) (3264 96 256 ) 
4 8 15 (3072 96 256 ) (3072 112 256 ) (3072 112 64 ) (3072 96 64 ) 
4 8 13 (3072 112 256 ) (3072 256 256 ) (3072 256 64 ) (3072 112 64 ) 
4 8 9 (3072 96 64 ) (3200 96 64 ) (3200 96 256 ) (3072 96 256 ) 
4 9 24 (4096 0 64 ) (4096 0 256 ) (3072 0 256 ) (3072 0 64 ) 
4 9 16 (3072 0 64 ) (3072 0 256 ) (3072 96 256 ) (3072 96 64 ) 
4 10 27 (3072 0 256 ) (3072 0 448 ) (2432 0 448 ) (2432 0 256 ) 
4 10 16 (3072 0 256 ) (2432 0 256 ) (2432 96 256 ) (3072 96 256 ) 
4 10 15 (2432 96 256 ) (2432 112 256 ) (3072 112 256 ) (3072 96 256 ) 
4 10 13 (2432 112 256 ) (2432 256 256 ) (3072 256 256 ) (3072 112 256 ) 
4 11 34 (2048 112 512 ) (2048 256 512 ) (2048 256 256 ) (2048 112 256 ) 
4 11 14 (2048 112 256 ) (2048 256 256 ) (2368 256 256 ) (2368 112 256 ) 
4 11 12 (2048 112 256 ) (2368 112 256 ) (2368 112 512 ) (2048 112 512 ) 
4 12 36 (2048 0 256 ) (2048 0 512 ) (2048 96 512 ) (2048 96 256 ) 
4 12 34 (2048 96 512 ) (2048 112 512 ) (2048 112 256 ) (2048 96 256 ) 
4 12 28 (2368 0 512 ) (2048 0 512 ) (2048 0 256 ) (2368 0 256 ) 
4 12 16 (2368 0 256 ) (2048 0 256 ) (2048 96 256 ) (2368 96 256 ) 
4 12 15 (2048 96 256 ) (2048 112 256 ) (2368 112 256 ) (2368 96 256 ) 
4 13 15 (2432 112 64 ) (3072 112 64 ) (3072 112 256 ) (2432 112 256 ) 
4 14 39 (2048 112 256 ) (2048 256 256 ) (2048 256 64 ) (2048 112 64 ) 
4 14 15 (2048 112 64 ) (2368 112 64 ) (2368 112 256 ) (2048 112 256 ) 
4 15 39 (2048 96 256 ) (2048 112 256 ) (2048 112 64 ) (2048 96 64 ) 
4 15 16 (2048 96 64 ) (3072 96 64 ) (3072 96 256 ) (2048 96 256 ) 
4 16 41 (2048 0 64 ) (2048 0 256 ) (2048 32 256 ) (2048 32 64 ) 
4 16 40 (2048 32 256 ) (2048 96 256 ) (2048 96 64 ) (2048 32 64 ) 
4 16 30 (3072 0 64 ) (3072 0 256 ) (2048 0 256 ) (2048 0 64 ) 
4 17 22 (4096 -96 256 ) (4096 -256 256 ) (4096 -256 448 ) (4096 -96 448 ) 
4 17 20 (4096 0 448 ) (4096 0 256 ) (4096 -96 256 ) (4096 -96 448 ) 
4 17 19 (4096 -256 256 ) (4096 -96 256 ) (4224 -96 256 ) (4224 -256 256 ) 
4 17 18 (4096 -96 256 ) (4096 0 256 ) (4224 0 256 ) (4224 -96 256 ) 
4 18 24 (4096 0 256 ) (4096 0 64 ) (4096 -96 64 ) (4096 -96 256 ) 
4 18 19 (4096 -96 64 ) (4224 -96 64 ) (4224 -96 256 ) (4096 -96 256 ) 
4 19 25 (4096 -96 64 ) (4096 -256 64 ) (4096 -256 256 ) (4096 -96 256 ) 
4 20 24 (3264 0 256 ) (4096 0 256 ) (4096 -96 256 ) (3264 -96 256 ) 
4 20 22 (3264 -96 256 ) (4096 -96 256 ) (4096 -96 448 ) (3264 -96 448 ) 
4 21 27 (3072 0 448 ) (3072 0 256 ) (3072 -96 256 ) (3072 -96 448 ) 
4 21 24 (3072 -96 256 ) (3072 0 256 ) (3200 0 256 ) (3200 -96 256 ) 
4 21 23 (3072 -96 256 ) (3200 -96 256 ) (3200 -96 448 ) (3072 -96 448 ) 
4 22 25 (4096 -256 256 ) (3264 -256 256 ) (3264 -96 256 ) (4096 -96 256 ) 
4 23 27 (3072 -96 256 ) (3072 -256 256 ) (3072 -256 448 ) (3072 -96 448 ) 
4 23 26 (3200 -256 256 ) (3072 -256 256 ) (3072 -96 256 ) (3200 -96 256 ) 
4 24 30 (3072 0 256 ) (3072 0 64 ) (3072 -96 64 ) (3072 -96 256 ) 
4 24 25 (3264 -96 64 ) (4096 -96 64 ) (4096 -96 256 ) (3264 -96 256 ) 
4 24 26 (3072 -96 64 ) (3200 -96 64 ) (3200 -96 256 ) (3072 -96 256 ) 
4 26 32 (3072 -112 64 ) (3072 -256 64 ) (3072 -256 256 ) (3072 -112 256 ) 
4 26 31 (3072 -96 64 ) (3072 -112 64 ) (3072 -112 256 ) (3072 -96 256 ) 
4 27 32 (3072 -256 256 ) (2432 -256 256 ) (2432 -112 256 ) (3072 -112 256 ) 
4 27 31 (2432 -112 256 ) (2432 -96 256 ) (3072 -96 256 ) (3072 -112 256 ) 
4 27 30 (2432 -96 256 ) (2432 0 256 ) (3072 0 256 ) (3072 -96 256 ) 
4 28 58 (2048 -112 512 ) (2048 -96 512 ) (2048 -96 256 ) (2048 -112 256 ) 
4 28 55 (2048 -96 512 ) (2048 0 512 ) (2048 0 256 ) (2048 -96 256 ) 
4 28 31 (2048 -112 256 ) (2048 -96 256 ) (2368 -96 256 ) (2368 -112 256 ) 
4 28 30 (2048 -96 256 ) (2048 0 256 ) (2368 0 256 ) (2368 -96 256 ) 
4 28 29 (2048 -112 256 ) (2368 -112 256 ) (2368 -112 512 ) (2048 -112 512 ) 
4 29 58 (2048 -256 256 ) (2048 -256 512 ) (2048 -112 512 ) (2048 -112 256 ) 
4 29 33 (2368 -256 256 ) (2048 -256 256 ) (2048 -112 256 ) (2368 -112 256 ) 
4 30 63 (2048 -96 256 ) (2048 -32 256 ) (2048 -32 64 ) (2048 -96 64 ) 
4 30 60 (2048 -32 256 ) (2048 0 256 ) (2048 0 64 ) (2048 -32 64 ) 
4 30 31 (2048 -96 64 ) (3072 -96 64 ) (3072 -96 256 ) (2048 -96 256 ) 
4 31 64 (2048 -112 256 ) (2048 -96 256 ) (2048 -96 64 ) (2048 -112 64 ) 
4 31 32 (2432 -112 64 ) (3072 -112 64 ) (3072 -112 256 ) (2432 -112 256 ) 
4 31 33 (2048 -112 64 ) (2368 -112 64 ) (2368 -112 256 ) (2048 -112 256 ) 
4 33 64 (2048 -256 64 ) (2048 -256 256 ) (2048 -112 256 ) (2048 -112 64 ) 
4 34 39 (1600 256 256 ) (2048 256 256 ) (2048 96 256 ) (1600 96 256 ) 
4 34 36 (1600 96 256 ) (2048 96 256 ) (2048 96 512 ) (1600 96 512 ) 
4 35 46 (1024 256 448 ) (1024 256 256 ) (1024 96 256 ) (1024 96 448 ) 
4 35 45 (1024 96 512 ) (1024 256 512 ) (1024 256 448 ) (1024 96 448 ) 
4 35 44 (1024 96 256 ) (1024 256 256 ) (1536 256 256 ) (1536 96 256 ) 
4 35 38 (1024 96 256 ) (1536 96 256 ) (1536 96 512 ) (1024 96 512 ) 
4 36 55 (2048 0 256 ) (2048 0 512 ) (1600 0 512 ) (1600 0 256 ) 
4 36 42 (1760 0 256 ) (1696 0 256 ) (1696 32 256 ) (1760 32 256 ) 
4 36 41 (2048 32 256 ) (2048 0 256 ) (1760 0 256 ) (1760 32 256 ) 
4 36 43 (1696 0 256 ) (1600 0 256 ) (1600 32 256 ) (1696 32 256 ) 
4 36 40 (1600 96 256 ) (2048 96 256 ) (2048 32 256 ) (1600 32 256 ) 
4 36 37 (1600 96 448 ) (1600 96 256 ) (1600 0 256 ) (1600 0 448 ) 
4 37 56 (1536 0 448 ) (1536 0 256 ) (1600 0 256 ) (1600 0 448 ) 
4 37 38 (1536 96 448 ) (1536 96 256 ) (1536 0 256 ) (1536 0 448 ) 
4 38 57 (1536 0 512 ) (1024 0 512 ) (1024 0 256 ) (1536 0 256 ) 
4 38 48 (1024 0 256 ) (1024 0 448 ) (1024 64 448 ) (1024 64 256 ) 
4 38 46 (1024 64 448 ) (1024 96 448 ) (1024 96 256 ) (1024 64 256 ) 
4 38 45 (1024 0 448 ) (1024 0 512 ) (1024 96 512 ) (1024 96 448 ) 
4 38 44 (1024 0 256 ) (1024 96 256 ) (1536 96 256 ) (1536 0 256 ) 
4 39 40 (1600 96 256 ) (1600 96 64 ) (2048 96 64 ) (2048 96 256 ) 
4 40 42 (1760 32 128 ) (1760 32 256 ) (1696 32 256 ) (1696 32 128 ) 
4 40 41 (1760 32 64 ) (2048 32 64 ) (2048 32 256 ) (1760 32 256 ) 
4 40 43 (1600 32 256 ) (1600 32 64 ) (1696 32 64 ) (1696 32 256 ) 
4 41 60 (2048 0 64 ) (2048 0 256 ) (1760 0 256 ) (1760 0 64 ) 
4 41 42 (1760 32 256 ) (1760 32 128 ) (1760 0 128 ) (1760 0 256 ) 
4 42 61 (1760 0 256 ) (1696 0 256 ) (1696 0 128 ) (1760 0 128 ) 
4 42 43 (1696 32 256 ) (1696 32 128 ) (1696 0 128 ) (1696 0 256 ) 
4 43 62 (1696 0 256 ) (1600 0 256 ) (1600 0 64 ) (1696 0 64 ) 
4 44 65 (1536 0 256 ) (1024 0 256 ) (1024 0 64 ) (1536 0 64 ) 
4 44 53 (1024 0 64 ) (1024 0 256 ) (1024 256 256 ) (1024 256 64 ) 
4 45 66 (1024 0 448 ) (1024 0 512 ) (768 0 512 ) (768 0 448 ) 
4 45 48 (1024 64 448 ) (1024 0 448 ) (768 0 448 ) (768 64 448 ) 
4 45 46 (768 256 448 ) (1024 256 448 ) (1024 64 448 ) (768 64 448 ) 
4 46 53 (768 256 256 ) (1024 256 256 ) (1024 64 256 ) (768 64 256 ) 
4 46 48 (320 64 256 ) (1024 64 256 ) (1024 64 448 ) (320 64 448 ) 
4 47 54 (0 64 448 ) (0 256 448 ) (0 256 256 ) (0 64 256 ) 
4 47 52 (0 64 256 ) (256 64 256 ) (256 64 448 ) (0 64 448 ) 
4 48 67 (1024 0 256 ) (1024 0 448 ) (320 0 448 ) (320 0 256 ) 
4 48 53 (1024 0 256 ) (768 0 256 ) (768 64 256 ) (1024 64 256 ) 
4 48 49 (320 64 384 ) (320 64 256 ) (320 0 256 ) (320 0 384 ) 
4 49 68 (296 0 384 ) (296 0 256 ) (320 0 256 ) (320 0 384 ) 
4 49 50 (296 64 384 ) (296 64 256 ) (296 0 256 ) (296 0 384 ) 
4 50 69 (280 0 416 ) (280 0 256 ) (296 0 256 ) (296 0 416 ) 
4 50 51 (280 64 384 ) (280 64 256 ) (280 0 256 ) (280 0 384 ) 
4 51 70 (256 0 384 ) (256 0 256 ) (280 0 256 ) (280 0 384 ) 
4 51 52 (256 64 384 ) (256 64 256 ) (256 0 256 ) (256 0 384 ) 
4 52 71 (256 0 448 ) (0 0 448 ) (0 0 256 ) (256 0 256 ) 
4 52 54 (0 0 256 ) (0 0 448 ) (0 64 448 ) (0 64 256 ) 
4 53 74 (1024 0 64 ) (1024 0 256 ) (768 0 256 ) (768 0 64 ) 
4 54 75 (0 0 256 ) (0 0 448 ) (-256 0 448 ) (-256 0 256 ) 
4 55 63 (2048 -32 256 ) (2048 -96 256 ) (1600 -96 256 ) (1600 -32 256 ) 
4 55 61 (1696 0 256 ) (1760 0 256 ) (1760 -32 256 ) (1696 -32 256 ) 
4 55 60 (1760 0 256 ) (2048 0 256 ) (2048 -32 256 ) (1760 -32 256 ) 
4 55 62 (1600 0 256 ) (1696 0 256 ) (1696 -32 256 ) (1600 -32 256 ) 
4 55 58 (1600 -96 256 ) (2048 -96 256 ) (2048 -96 512 ) (1600 -96 512 ) 
4 55 56 (1600 0 256 ) (1600 -96 256 ) (1600 -96 448 ) (1600 0 448 ) 
4 56 57 (1536 0 256 ) (1536 -96 256 ) (1536 -96 448 ) (1536 0 448 ) 
4 57 72 (1024 -64 256 ) (1024 -96 256 ) (1024 -96 448 ) (1024 -64 448 ) 
4 57 67 (1024 0 448 ) (1024 0 256 ) (1024 -64 256 ) (1024 -64 448 ) 
4 57 66 (1024 0 512 ) (1024 0 448 ) (1024 -96 448 ) (1024 -96 512 ) 
4 57 65 (1024 -96 256 ) (1024 0 256 ) (1536 0 256 ) (1536 -96 256 ) 
4 57 59 (1024 -96 256 ) (1536 -96 256 ) (1536 -96 512 ) (1024 -96 512 ) 
4 58 64 (2048 -256 256 ) (1600 -256 256 ) (1600 -96 256 ) (2048 -96 256 ) 
4 59 72 (1024 -96 256 ) (1024 -256 256 ) (1024 -256 448 ) (1024 -96 448 ) 
4 59 66 (1024 -256 448 ) (1024 -256 512 ) (1024 -96 512 ) (1024 -96 448 ) 
4 59 65 (1536 -256 256 ) (1024 -256 256 ) (1024 -96 256 ) (1536 -96 256 ) 
4 60 63 (1760 -32 64 ) (2048 -32 64 ) (2048 -32 256 ) (1760 -32 256 ) 
4 60 61 (1760 -32 128 ) (1760 -32 256 ) (1760 0 256 ) (1760 0 128 ) 
4 61 63 (1760 -32 128 ) (1760 -32 256 ) (1696 -32 256 ) (1696 -32 128 ) 
4 61 62 (1696 -32 128 ) (1696 -32 256 ) (1696 0 256 ) (1696 0 128 ) 
4 62 63 (1600 -32 256 ) (1600 -32 64 ) (1696 -32 64 ) (1696 -32 256 ) 
4 63 64 (1600 -96 256 ) (1600 -96 64 ) (2048 -96 64 ) (2048 -96 256 ) 
4 65 74 (1024 0 256 ) (1024 0 64 ) (1024 -256 64 ) (1024 -256 256 ) 
4 66 72 (1024 -256 448 ) (768 -256 448 ) (768 -64 448 ) (1024 -64 448 ) 
4 66 67 (768 -64 448 ) (768 0 448 ) (1024 0 448 ) (1024 -64 448 ) 
4 67 74 (768 0 256 ) (1024 0 256 ) (1024 -64 256 ) (768 -64 256 ) 
4 67 72 (320 -64 256 ) (1024 -64 256 ) (1024 -64 448 ) (320 -64 448 ) 
4 67 68 (320 0 256 ) (320 -64 256 ) (320 -64 384 ) (320 0 384 ) 
4 68 69 (296 0 256 ) (296 -64 256 ) (296 -64 384 ) (296 0 384 ) 
4 69 70 (280 0 256 ) (280 -64 256 ) (280 -64 384 ) (280 0 384 ) 
4 70 71 (256 0 256 ) (256 -64 256 ) (256 -64 384 ) (256 0 384 ) 
4 71 75 (0 0 448 ) (0 0 256 ) (0 -64 256 ) (0 -64 448 ) 
4 71 73 (0 -64 256 ) (256 -64 256 ) (256 -64 448 ) (0 -64 448 ) 
4 72 74 (1024 -256 256 ) (768 -256 256 ) (768 -64 256 ) (1024 -64 256 ) 
4 73 75 (0 -64 256 ) (0 -256 256 ) (0 -256 448 ) (0 -64 448 ) 
