c:\users\fredrichvonpreussen\downloads\portal-sdk-2013-master\portal-sdk-2013-master\src\utils\phonemeextractor\debug\vc120.pdb
c:\users\fredrichvonpreussen\downloads\portal-sdk-2013-master\portal-sdk-2013-master\src\utils\phonemeextractor\debug\pointeroverride.obj
c:\users\fredrichvonpreussen\downloads\portal-sdk-2013-master\portal-sdk-2013-master\src\utils\phonemeextractor\phonemeextractor.vpc.sentinel
c:\users\fredrichvonpreussen\downloads\portal-sdk-2013-master\portal-sdk-2013-master\src\utils\phonemeextractor\debug\phonemeextractor.ilk
c:\users\fredrichvonpreussen\downloads\portal-sdk-2013-master\portal-sdk-2013-master\src\utils\phonemeextractor\debug\phonemeextractor.dll
c:\users\fredrichvonpreussen\downloads\portal-sdk-2013-master\portal-sdk-2013-master\src\utils\phonemeextractor\debug\phonemeextractor.pdb
c:\users\fredrichvonpreussen\downloads\portal-sdk-2013-master\portal-sdk-2013-master\src\utils\phonemeextractor\debug\phonemeextractor.lib
c:\users\fredrichvonpreussen\downloads\portal-sdk-2013-master\portal-sdk-2013-master\src\utils\phonemeextractor\debug\phonemeextractor.exp
c:\users\fredrichvonpreussen\downloads\portal-sdk-2013-master\portal-sdk-2013-master\src\utils\phonemeextractor\debug\extractor_utils.obj
c:\users\fredrichvonpreussen\downloads\portal-sdk-2013-master\portal-sdk-2013-master\src\utils\phonemeextractor\debug\memoverride.obj
c:\users\fredrichvonpreussen\downloads\portal-sdk-2013-master\portal-sdk-2013-master\src\utils\phonemeextractor\debug\phonemeconverter.obj
c:\users\fredrichvonpreussen\downloads\portal-sdk-2013-master\portal-sdk-2013-master\src\utils\phonemeextractor\debug\phonemeextractor.obj
c:\users\fredrichvonpreussen\downloads\portal-sdk-2013-master\portal-sdk-2013-master\src\utils\phonemeextractor\debug\sentence.obj
c:\users\fredrichvonpreussen\downloads\portal-sdk-2013-master\portal-sdk-2013-master\src\utils\phonemeextractor\debug\vc120.idb
c:\users\fredrichvonpreussen\downloads\portal-sdk-2013-master\portal-sdk-2013-master\src\utils\phonemeextractor\.\debug\.\phonemeextractor.dll
c:\users\fredrichvonpreussen\downloads\portal-sdk-2013-master\portal-sdk-2013-master\src\utils\phonemeextractor\debug\phonemeextractor.tlog\cl.command.1.tlog
c:\users\fredrichvonpreussen\downloads\portal-sdk-2013-master\portal-sdk-2013-master\src\utils\phonemeextractor\debug\phonemeextractor.tlog\cl.read.1.tlog
c:\users\fredrichvonpreussen\downloads\portal-sdk-2013-master\portal-sdk-2013-master\src\utils\phonemeextractor\debug\phonemeextractor.tlog\cl.write.1.tlog
c:\users\fredrichvonpreussen\downloads\portal-sdk-2013-master\portal-sdk-2013-master\src\utils\phonemeextractor\debug\phonemeextractor.tlog\custombuild.command.1.tlog
c:\users\fredrichvonpreussen\downloads\portal-sdk-2013-master\portal-sdk-2013-master\src\utils\phonemeextractor\debug\phonemeextractor.tlog\custombuild.read.1.tlog
c:\users\fredrichvonpreussen\downloads\portal-sdk-2013-master\portal-sdk-2013-master\src\utils\phonemeextractor\debug\phonemeextractor.tlog\custombuild.write.1.tlog
c:\users\fredrichvonpreussen\downloads\portal-sdk-2013-master\portal-sdk-2013-master\src\utils\phonemeextractor\debug\phonemeextractor.tlog\link.command.1.tlog
c:\users\fredrichvonpreussen\downloads\portal-sdk-2013-master\portal-sdk-2013-master\src\utils\phonemeextractor\debug\phonemeextractor.tlog\link.read.1.tlog
c:\users\fredrichvonpreussen\downloads\portal-sdk-2013-master\portal-sdk-2013-master\src\utils\phonemeextractor\debug\phonemeextractor.tlog\link.write.1.tlog
c:\users\fredrichvonpreussen\downloads\portal-sdk-2013-master\portal-sdk-2013-master\src\utils\phonemeextractor\debug\phonemeextractor.tlog\phonemeextractor.write.1u.tlog
