Build started 6/18/2021 1:57:09 PM.
     1>Project "C:\Users\FredrichVonPreussen\Downloads\portal-sdk-2013-master\portal-sdk-2013-master\src\game\server\server_portal.vcxproj" on node 13 (Rebuild target(s)).
     1>PreBuildEvent:
         if EXIST ..\..\..\game\portal\bin\.\server.dll for /f "delims=" %%A in ('attrib "..\..\..\game\portal\bin\.\server.dll"') do set valveTmpIsReadOnly="%%A"
         set valveTmpIsReadOnlyLetter=%valveTmpIsReadOnly:~6,1%
         if "%valveTmpIsReadOnlyLetter%"=="R" del /q "C:\Users\FredrichVonPreussen\Downloads\portal-sdk-2013-master\portal-sdk-2013-master\src\game\server\Release_portal\"server.dll
         if exist "..\..\devtools\bin\vpc.exe" "..\..\devtools\bin\vpc.exe" -crc2 "server_portal.vcxproj"
         if ERRORLEVEL 1 exit /b 1
         
         :VCEnd
       CustomBuild:
         Compiling pointeroverride.asm
          Assembling: C:\Users\FredrichVonPreussen\Downloads\portal-sdk-2013-master\portal-sdk-2013-master\src\public\tier0\pointeroverride.asm
         Microsoft (R) Macro Assembler Version 12.00.40629.0
         Copyright (C) Microsoft Corporation.  All rights reserved.
         
         Running VPC CRC Check - server_portal.vpc
       ClCompile:
         C:\Program Files (x86)\Microsoft Visual Studio 12.0\VC\bin\CL.exe /c /I..\..\common /I..\..\public /I..\..\public\tier0 /I..\..\public\tier1 /I..\..\game\server\generated_proto_portal /I"..\..\thirdparty\protobuf-2.3.0\src" /I.\ /I..\..\game\shared /I..\..\utils\common /I..\..\game\shared\econ /I..\..\game\server\NextBot /I..\..\game\shared\portal /I.\hl2 /I.\episodic /I..\..\game\shared\Multiplayer /I..\..\game\shared\hl2 /I..\..\game\shared\portal /I.\portal /Zi /nologo /W4 /WX /MP /O2 /Ob2 /Oi /Ot /Oy- /D VPC /D RAD_TELEMETRY_DISABLED /D WIN32 /D _WIN32 /D NDEBUG /D _WINDOWS /D _USRDLL /D _CRT_SECURE_NO_DEPRECATE /D _CRT_NONSTDC_NO_DEPRECATE /D _ALLOW_RUNTIME_LIBRARY_MISMATCH /D _ALLOW_ITERATOR_DEBUG_LEVEL_MISMATCH /D _ALLOW_MSC_VER_MISMATCH /D _USING_V110_SDK71_ /D _WINDLL /D _MBCS /D COMPILER_MSVC32 /D COMPILER_MSVC32 /D COMPILER_MSVC /D _DLL_EXT=.dll /D DLLNAME=server /D BINK_VIDEO /D AVI_VIDEO /D WMV_VIDEO /D DEV_BUILD /D FRAME_POINTER_OMISSION_DISABLED /D GAME_DLL /D VECTOR /D VERSION_SAFE_STEAM_API_INTERFACES /D PROTECTED_THINGS_ENABLE /D sprintf=use_Q_snprintf_instead_of_sprintf /D strncpy=use_Q_strncpy_instead /D _snprintf=use_Q_snprintf_instead /D fopen=dont_use_fopen /D PORTAL /D HL2_DLL /D HL2_EPISODIC /D USES_SAVERESTORE /D _EXTERNAL_DLL_EXT=.dll /D VPCGAMECAPS=PORTAL /D "PROJECTDIR=C:\Users\FredrichVonPreussen\Downloads\portal-sdk-2013-master\portal-sdk-2013-master\src\game\server" /D _DLL_EXT=.dll /D SOURCE1=1 /D VPCGAME=portal /GF /Gm- /MT /GS /Gy /arch:SSE /fp:fast /Zc:wchar_t /Zc:forScope /GR /Yc"cbase.h" /Fp".\Release_portal\server.pch" /Fo".\Release_portal\/" /Fd".\Release_portal\/vc120.pdb" /Gd /TP /wd4316 /analyze- /FC /errorReport:prompt /Zm200 /d2Zi+ /Gw stdafx.cpp
         stdafx.cpp
         C:\Program Files (x86)\Microsoft Visual Studio 12.0\VC\bin\CL.exe /c /I..\..\common /I..\..\public /I..\..\public\tier0 /I..\..\public\tier1 /I..\..\game\server\generated_proto_portal /I"..\..\thirdparty\protobuf-2.3.0\src" /I.\ /I..\..\game\shared /I..\..\utils\common /I..\..\game\shared\econ /I..\..\game\server\NextBot /I..\..\game\shared\portal /I.\hl2 /I.\episodic /I..\..\game\shared\Multiplayer /I..\..\game\shared\hl2 /I..\..\game\shared\portal /I.\portal /Zi /nologo /W4 /WX /MP /O2 /Ob2 /Oi /Ot /Oy- /D VPC /D RAD_TELEMETRY_DISABLED /D WIN32 /D _WIN32 /D NDEBUG /D _WINDOWS /D _USRDLL /D _CRT_SECURE_NO_DEPRECATE /D _CRT_NONSTDC_NO_DEPRECATE /D _ALLOW_RUNTIME_LIBRARY_MISMATCH /D _ALLOW_ITERATOR_DEBUG_LEVEL_MISMATCH /D _ALLOW_MSC_VER_MISMATCH /D _USING_V110_SDK71_ /D _WINDLL /D _MBCS /D COMPILER_MSVC32 /D COMPILER_MSVC32 /D COMPILER_MSVC /D _DLL_EXT=.dll /D DLLNAME=server /D BINK_VIDEO /D AVI_VIDEO /D WMV_VIDEO /D DEV_BUILD /D FRAME_POINTER_OMISSION_DISABLED /D GAME_DLL /D VECTOR /D VERSION_SAFE_STEAM_API_INTERFACES /D PROTECTED_THINGS_ENABLE /D sprintf=use_Q_snprintf_instead_of_sprintf /D strncpy=use_Q_strncpy_instead /D _snprintf=use_Q_snprintf_instead /D fopen=dont_use_fopen /D PORTAL /D HL2_DLL /D HL2_EPISODIC /D USES_SAVERESTORE /D _EXTERNAL_DLL_EXT=.dll /D VPCGAMECAPS=PORTAL /D "PROJECTDIR=C:\Users\FredrichVonPreussen\Downloads\portal-sdk-2013-master\portal-sdk-2013-master\src\game\server" /D _DLL_EXT=.dll /D SOURCE1=1 /D VPCGAME=portal /GF /Gm- /MT /GS /Gy /arch:SSE /fp:fast /Zc:wchar_t /Zc:forScope /GR /Yu"cbase.h" /Fp".\Release_portal\server.pch" /Fo".\Release_portal\/" /Fd".\Release_portal\/vc120.pdb" /Gd /TP /wd4316 /analyze- /FC /errorReport:prompt /Zm200 /d2Zi+ /Gw gamedll_replay.cpp ..\..\game\shared\achievement_saverestore.cpp ..\..\game\shared\achievementmgr.cpp ..\..\game\shared\achievements_hlx.cpp ..\..\game\shared\activitylist.cpp ai_activity.cpp ai_baseactor.cpp ai_basehumanoid.cpp ai_basenpc.cpp ai_basenpc_flyer.cpp ai_basenpc_flyer_new.cpp ai_basenpc_movement.cpp ai_basenpc_physicsflyer.cpp ai_basenpc_schedule.cpp ai_basenpc_squad.cpp ai_behavior.cpp ai_behavior_assault.cpp ai_behavior_fear.cpp ai_behavior_follow.cpp ai_behavior_lead.cpp ai_behavior_rappel.cpp ai_behavior_standoff.cpp ai_blended_movement.cpp ai_concommands.cpp ai_condition.cpp AI_Criteria.cpp ai_default.cpp ai_dynamiclink.cpp ai_event.cpp ai_eventresponse.cpp ai_goalentity.cpp ai_hint.cpp ai_hull.cpp ai_initutils.cpp AI_Interest_Target.cpp ai_link.cpp ai_localnavigator.cpp ai_looktarget.cpp ai_memory.cpp ai_motor.cpp ai_moveprobe.cpp ai_moveshoot.cpp ai_movesolver.cpp ai_namespaces.cpp ai_navigator.cpp ai_network.cpp ai_networkmanager.cpp ai_node.cpp ai_pathfinder.cpp ai_planesolver.cpp ai_playerally.cpp ai_relationship.cpp AI_ResponseSystem.cpp ai_route.cpp ai_saverestore.cpp ai_schedule.cpp ai_scriptconditions.cpp ai_senses.cpp ai_sentence.cpp ai_speech.cpp ai_speechfilter.cpp ai_squad.cpp ai_squadslot.cpp ai_tacticalservices.cpp ai_task.cpp ai_trackpather.cpp ai_utils.cpp ai_waypoint.cpp ..\..\game\shared\ammodef.cpp ..\..\game\shared\animation.cpp base_gameinterface.cpp ..\..\game\shared\base_playeranimstate.cpp base_transmit_proxy.cpp ..\..\game\shared\baseachievement.cpp baseanimating.cpp BaseAnimatingOverlay.cpp basecombatcharacter.cpp ..\..\game\shared\basecombatcharacter_shared.cpp basecombatweapon.cpp ..\..\game\shared\basecombatweapon_shared.cpp baseentity.cpp ..\..\game\shared\baseentity_shared.cpp baseflex.cpp basegrenade_concussion.cpp basegrenade_contact.cpp ..\..\game\shared\basegrenade_shared.cpp basegrenade_timed.cpp basemultiplayerplayer.cpp ..\..\game\shared\baseparticleentity.cpp ..\..\game\shared\baseplayer_shared.cpp ..\..\game\shared\baseprojectile.cpp baseviewmodel.cpp ..\..\game\shared\baseviewmodel_shared.cpp ..\..\game\shared\beam_shared.cpp bitstring.cpp bmodels.cpp buttons.cpp cbase.cpp client.cpp ..\..\game\shared\collisionproperty.cpp colorcorrection.cpp colorcorrectionvolume.cpp CommentarySystem.cpp controlentities.cpp cplane.cpp CRagdollMagnet.cpp damagemodifier.cpp ..\..\game\shared\death_pose.cpp ..\..\game\shared\debugoverlay_shared.cpp ..\..\game\shared\decals.cpp doors.cpp dynamiclight.cpp ..\..\game\shared\effect_dispatch_data.cpp effects.cpp EffectsServer.cpp ..\..\game\shared\ehandle.cpp entityblocker.cpp EntityDissolve.cpp EntityFlame.cpp entitylist.cpp ..\..\game\shared\entitylist_base.cpp EntityParticleTrail.cpp ..\..\game\shared\EntityParticleTrail_Shared.cpp env_debughistory.cpp ..\..\game\shared\env_detail_controller.cpp env_effectsscript.cpp env_entity_maker.cpp env_particlescript.cpp env_player_surface_trigger.cpp env_projectedtexture.cpp env_screenoverlay.cpp env_texturetoggle.cpp env_tonemap_controller.cpp ..\..\game\shared\env_wind_shared.cpp env_zoom.cpp EnvBeam.cpp EnvFade.cpp EnvHudHint.cpp EnvLaser.cpp EnvMessage.cpp envmicrophone.cpp EnvShake.cpp EnvSpark.cpp ..\..\game\shared\eventlist.cpp EventLog.cpp explode.cpp filters.cpp fire.cpp fire_smoke.cpp fish.cpp fogcontroller.cpp fourwheelvehiclephysics.cpp func_areaportal.cpp func_areaportalbase.cpp func_areaportalwindow.cpp func_break.cpp func_breakablesurf.cpp func_dust.cpp ..\..\game\shared\func_ladder.cpp func_ladder_endpoint.cpp func_lod.cpp hl2\Func_Monitor.cpp func_movelinear.cpp func_occluder.cpp func_reflective_glass.cpp func_smokevolume.cpp game.cpp game_ui.cpp gameinterface.cpp ..\..\game\shared\gamemovement.cpp ..\..\game\shared\gamerules.cpp ..\..\game\shared\gamerules_register.cpp ..\..\game\shared\GameStats.cpp ..\..\game\shared\gamestringpool.cpp gametrace_dll.cpp ..\..\game\shared\gamevars_shared.cpp gameweaponmanager.cpp genericactor.cpp genericmonster.cpp gib.cpp globals.cpp globalstate.cpp grenadethrown.cpp guntarget.cpp h_ai.cpp h_cycler.cpp ..\..\public\haptics\haptic_msgs.cpp ..\..\public\haptics\haptic_utils.cpp hierarchy.cpp ..\..\game\shared\hintmessage.cpp ..\..\game\shared\hintsystem.cpp hltvdirector.cpp ..\..\game\shared\igamesystem.cpp info_camera_link.cpp info_overlay_accessor.cpp intermission.cpp item_world.cpp lightglow.cpp lights.cpp logic_achievement.cpp logic_measure_movement.cpp logic_navigation.cpp logicauto.cpp logicentities.cpp logicrelay.cpp mapentities.cpp ..\..\game\shared\mapentities_shared.cpp maprules.cpp MaterialModifyControl.cpp message_entity.cpp modelentities.cpp ..\..\game\shared\ModelSoundsCache.cpp monstermaker.cpp movehelper_server.cpp movement.cpp ..\..\game\shared\movevars_shared.cpp ..\..\game\shared\mp_shareddefs.cpp ..\..\game\shared\multiplay_gamerules.cpp ndebugoverlay.cpp npc_vehicledriver.cpp ..\..\game\shared\obstacle_pushaway.cpp particle_light.cpp ..\..\game\shared\particle_parse.cpp particle_system.cpp ..\..\game\shared\particlesystemquery.cpp pathcorner.cpp pathtrack.cpp phys_controller.cpp physconstraint.cpp physics.cpp physics_bone_follower.cpp physics_cannister.cpp physics_fx.cpp physics_impact_damage.cpp physics_main.cpp ..\..\game\shared\physics_main_shared.cpp physics_npc_solver.cpp physics_prop_ragdoll.cpp ..\..\game\shared\physics_saverestore.cpp ..\..\game\shared\physics_shared.cpp physobj.cpp player.cpp player_command.cpp player_lagcompensation.cpp player_pickup.cpp player_resource.cpp playerinfomanager.cpp playerlocaldata.cpp plugin_check.cpp ..\..\game\shared\point_bonusmaps_accessor.cpp point_camera.cpp point_devshot_camera.cpp point_playermoveconstraint.cpp ..\..\game\shared\point_posecontroller.cpp point_spotlight.cpp point_template.cpp pointanglesensor.cpp PointAngularVelocitySensor.cpp pointhurt.cpp pointteleport.cpp ..\..\game\shared\precache_register.cpp ..\..\game\shared\predictableid.cpp props.cpp ..\..\game\shared\props_shared.cpp ..\..\game\shared\querycache.cpp ragdoll_manager.cpp ..\..\game\shared\ragdoll_shared.cpp RagdollBoogie.cpp recipientfilter.cpp rope.cpp ..\..\game\shared\rope_helpers.cpp ..\..\game\shared\saverestore.cpp saverestore_gamedll.cpp ..\..\game\shared\SceneCache.cpp sceneentity.cpp ..\..\game\shared\sceneentity_shared.cpp scratchpad_gamedll_helpers.cpp scripted.cpp scriptedtarget.cpp sendproxy.cpp ..\..\game\shared\sequence_Transitioner.cpp ..\..\game\server\serverbenchmark_base.cpp ServerNetworkProperty.cpp shadowcontrol.cpp ..\..\game\shared\simtimer.cpp ..\..\game\shared\singleplay_gamerules.cpp SkyCamera.cpp slideshow_display.cpp sound.cpp ..\..\game\shared\SoundEmitterSystem.cpp soundent.cpp ..\..\game\shared\soundenvelope.cpp ..\..\public\SoundParametersInternal.cpp soundscape.cpp soundscape_system.cpp spotlightend.cpp ..\..\game\shared\Sprite.cpp sprite_perfmonitor.cpp ..\..\game\shared\studio_shared.cpp subs.cpp sun.cpp tactical_mission.cpp ..\..\game\shared\takedamageinfo.cpp tanktrain.cpp team.cpp team_spawnpoint.cpp ..\..\game\shared\teamplay_gamerules.cpp TemplateEntities.cpp tempmonster.cpp tesla.cpp ..\..\game\shared\test_ehandle.cpp test_proxytoggle.cpp test_stressentities.cpp testfunctions.cpp testtraceline.cpp textstatsmgr.cpp timedeventmgr.cpp trains.cpp triggers.cpp ..\..\game\shared\usercmd.cpp util.cpp ..\..\game\shared\util_shared.cpp variant_t.cpp vehicle_base.cpp vehicle_baseserver.cpp vehicle_choreo_generic.cpp ..\..\game\shared\vehicle_viewblend_shared.cpp vguiscreen.cpp ..\..\game\shared\voice_gamemgr.cpp ..\..\game\server\vote_controller.cpp waterbullet.cpp WaterLODControl.cpp wcedit.cpp ..\..\game\shared\weapon_parse.cpp ..\..\game\shared\weapon_proficiency.cpp weight_button.cpp world.cpp hl2\ai_allymanager.cpp hl2\ai_behavior_actbusy.cpp episodic\ai_behavior_alyx_injured.cpp hl2\ai_behavior_functank.cpp hl2\ai_behavior_holster.cpp hl2\ai_behavior_operator.cpp ai_behavior_passenger.cpp episodic\ai_behavior_passenger_companion.cpp episodic\ai_behavior_passenger_zombie.cpp hl2\ai_behavior_police.cpp hl2\ai_goal_police.cpp hl2\ai_spotlight.cpp hl2\antlion_dust.cpp hl2\antlion_maker.cpp hl2\ar2_explosion.cpp basebludgeonweapon.cpp hl2\basehlcombatweapon.cpp ..\..\game\shared\hl2\basehlcombatweapon_shared.cpp hl2\cbasehelicopter.cpp hl2\cbasespriteprojectile.cpp hl2\citadel_effects.cpp hl2\combine_mine.cpp hl2\env_alyxemp.cpp hl2\env_headcrabcanister.cpp ..\..\game\shared\hl2\env_headcrabcanister_shared.cpp hl2\env_speaker.cpp hl2\env_starfield.cpp hl2\func_recharge.cpp hl2\func_tank.cpp hl2\grenade_ar2.cpp hl2\grenade_bugbait.cpp hl2\grenade_frag.cpp hl2\grenade_spit.cpp hl2\hl2_ai_network.cpp hl2\hl2_eventlog.cpp ..\..\game\shared\hl2\hl2_gamerules.cpp hl2\hl2_player.cpp hl2\hl2_playerlocaldata.cpp hl2\hl2_triggers.cpp ..\..\game\shared\hl2\hl_gamemovement.cpp hl2\hl_playermove.cpp hl2\info_darknessmode_lightsource.cpp hl2\info_teleporter_countdown.cpp hl2\item_ammo.cpp hl2\item_battery.cpp hl2\item_dynamic_resupply.cpp hl2\item_healthkit.cpp hl2\item_itemcrate.cpp hl2\item_suit.cpp hl2\look_door.cpp hl2\monster_dummy.cpp hl2\npc_alyx_episodic.cpp hl2\npc_antlion.cpp hl2\npc_antlionguard.cpp hl2\npc_apcdriver.cpp hl2\npc_attackchopper.cpp hl2\npc_barnacle.cpp hl2\npc_barney.cpp hl2\npc_basescanner.cpp hl2\npc_BaseZombie.cpp hl2\npc_breen.cpp hl2\npc_bullseye.cpp hl2\npc_citizen17.cpp hl2\npc_combine.cpp hl2\npc_combinecamera.cpp hl2\npc_combinedropship.cpp hl2\npc_combinegunship.cpp hl2\npc_combines.cpp hl2\npc_cranedriver.cpp hl2\npc_crow.cpp hl2\npc_dog.cpp hl2\npc_eli.cpp hl2\npc_enemyfinder.cpp hl2\npc_fastzombie.cpp hl2\npc_fisherman.cpp hl2\npc_gman.cpp hl2\npc_headcrab.cpp episodic\npc_hunter.cpp hl2\npc_ichthyosaur.cpp hl2\npc_kleiner.cpp hl2\npc_launcher.cpp hl2\npc_manhack.cpp hl2\npc_metropolice.cpp hl2\npc_monk.cpp hl2\npc_mossman.cpp hl2\npc_playercompanion.cpp hl2\npc_PoisonZombie.cpp hl2\npc_rollermine.cpp hl2\npc_scanner.cpp hl2\npc_stalker.cpp hl2\npc_strider.cpp npc_talker.cpp hl2\npc_turret_ceiling.cpp hl2\npc_turret_floor.cpp hl2\npc_turret_ground.cpp hl2\npc_vortigaunt_episodic.cpp hl2\npc_zombie.cpp hl2\npc_zombine.cpp hl2\point_apc_controller.cpp hl2\prop_combine_ball.cpp hl2\prop_thumper.cpp hl2\proto_sniper.cpp hl2\rotorwash.cpp hl2\script_intro.cpp ..\..\game\shared\script_intro_shared.cpp hl2\vehicle_airboat.cpp hl2\vehicle_cannon.cpp hl2\vehicle_crane.cpp hl2\vehicle_jeep.cpp episodic\vehicle_jeep_episodic.cpp hl2\vehicle_prisoner_pod.cpp hl2\vehicle_viewcontroller.cpp hl2\weapon_357.cpp hl2\weapon_alyxgun.cpp hl2\weapon_annabelle.cpp hl2\weapon_ar2.cpp hl2\weapon_bugbait.cpp hl2\weapon_citizenpackage.cpp hl2\weapon_crossbow.cpp hl2\weapon_crowbar.cpp weapon_cubemap.cpp hl2\weapon_frag.cpp hl2\weapon_pistol.cpp hl2\weapon_rpg.cpp hl2\weapon_shotgun.cpp hl2\weapon_smg1.cpp episodic\weapon_striderbuster.cpp hl2\weapon_stunstick.cpp hl2\grenade_beam.cpp hl2\grenade_homer.cpp episodic\grenade_hopwire.cpp hl2\grenade_pathfollower.cpp hl2\npc_missiledefense.cpp hl2\vehicle_apc.cpp hl2\weapon_cguard.cpp hl2\weapon_flaregun.cpp episodic\weapon_hopwire.cpp ..\..\game\shared\portal\achievements_portal.cpp portal\cbaseanimatingprojectile.cpp portal\env_lightrail_endpoint.cpp portal\env_portal_credits.cpp portal\env_portal_path_track.cpp portal\func_liquidportal.cpp portal\func_noportal_volume.cpp portal\func_portal_bumper.cpp portal\func_portal_detector.cpp portal\func_portal_orientation.cpp ..\..\game\shared\Multiplayer\multiplayer_animstate.cpp portal\neurotoxin_countdown.cpp portal\npc_portal_turret_floor.cpp portal\npc_portal_turret_ground.cpp portal\npc_rocket_turret.cpp portal\npc_security_camera.cpp portal\PhysicsCloneArea.cpp portal\physicsshadowclone.cpp portal\portal_client.cpp ..\..\game\shared\portal\portal_collideable_enumerator.cpp portal\Portal_CustomStatsVisualizer.cpp ..\..\game\shared\portal\portal_gamemovement.cpp ..\..\game\shared\portal\portal_gamerules.cpp portal\portal_gamestats.cpp portal\portal_physics_collisionevent.cpp portal\portal_placement.cpp portal\portal_player.cpp ..\..\game\shared\portal\portal_player_shared.cpp ..\..\game\shared\portal\portal_playeranimstate.cpp portal\portal_radio.cpp ..\..\game\shared\portal\portal_shareddefs.cpp ..\..\game\shared\portal\portal_usermessages.cpp ..\..\game\shared\portal\portal_util_shared.cpp ..\..\game\shared\portal\portal_weapon_parse.cpp ..\..\game\shared\portal\PortalSimulation.cpp portal\prop_energy_ball.cpp portal\prop_glados_core.cpp portal\prop_portal.cpp ..\..\game\shared\portal\prop_portal_shared.cpp portal\prop_portal_stats_display.cpp portal\prop_telescopic_arm.cpp ..\..\game\shared\portal\StaticCollisionPolyhedronCache.cpp portal\trigger_portal_cleanser.cpp ..\..\game\server\portal\weapon_physcannon.cpp ..\..\game\shared\portal\weapon_portalbase.cpp ..\..\game\shared\portal\weapon_portalbasecombatweapon.cpp portal\weapon_portalgun.cpp ..\..\game\shared\portal\weapon_portalgun_shared.cpp basetempentity.cpp event_tempentity_tester.cpp movie_explosion.cpp particle_fire.cpp particle_smokegrenade.cpp plasma.cpp smoke_trail.cpp smokestack.cpp ..\..\game\shared\SpriteTrail.cpp steamjet.cpp te.cpp te_armorricochet.cpp te_basebeam.cpp te_beamentpoint.cpp te_beaments.cpp te_beamfollow.cpp te_beamlaser.cpp te_beampoints.cpp te_beamring.cpp te_beamringpoint.cpp te_beamspline.cpp te_bloodsprite.cpp te_bloodstream.cpp te_breakmodel.cpp te_bspdecal.cpp te_bubbles.cpp te_bubbletrail.cpp te_clientprojectile.cpp te_decal.cpp te_dynamiclight.cpp te_effect_dispatch.cpp te_energysplash.cpp te_explosion.cpp te_fizz.cpp te_footprintdecal.cpp hl2\te_gaussexplosion.cpp te_glassshatter.cpp te_glowsprite.cpp te_impact.cpp te_killplayerattachments.cpp te_largefunnel.cpp te_muzzleflash.cpp te_particlesystem.cpp te_physicsprop.cpp te_playerdecal.cpp te_projecteddecal.cpp te_showline.cpp te_smoke.cpp te_sparks.cpp te_sprite.cpp te_spritespray.cpp te_worlddecal.cpp ..\..\game\shared\usermessages.cpp entity_tools_server.cpp toolframework_server.cpp
         gamedll_replay.cpp
         achievement_saverestore.cpp
         achievementmgr.cpp
         achievements_hlx.cpp
         activitylist.cpp
         ai_activity.cpp
         ai_baseactor.cpp
         ai_basehumanoid.cpp
         ai_basenpc.cpp
         ai_basenpc_flyer.cpp
         ai_basenpc_flyer_new.cpp
         ai_basenpc_movement.cpp
         ai_basenpc_physicsflyer.cpp
         ai_basenpc_schedule.cpp
         ai_basenpc_squad.cpp
         ai_behavior.cpp
         ai_behavior_assault.cpp
         ai_behavior_fear.cpp
         ai_behavior_follow.cpp
         ai_behavior_lead.cpp
         ai_behavior_rappel.cpp
         ai_behavior_standoff.cpp
         ai_blended_movement.cpp
         ai_concommands.cpp
         ai_condition.cpp
         AI_Criteria.cpp
         ai_default.cpp
         ai_dynamiclink.cpp
         ai_event.cpp
         ai_eventresponse.cpp
         ai_goalentity.cpp
         ai_hint.cpp
         ai_hull.cpp
         ai_initutils.cpp
         AI_Interest_Target.cpp
         ai_link.cpp
         ai_localnavigator.cpp
         ai_looktarget.cpp
         ai_memory.cpp
         ai_motor.cpp
         ai_moveprobe.cpp
         ai_moveshoot.cpp
         ai_movesolver.cpp
         ai_namespaces.cpp
         ai_navigator.cpp
         ai_network.cpp
         ai_networkmanager.cpp
         ai_node.cpp
         ai_pathfinder.cpp
         ai_planesolver.cpp
         ai_playerally.cpp
         ai_relationship.cpp
         AI_ResponseSystem.cpp
         ai_route.cpp
         ai_saverestore.cpp
         ai_schedule.cpp
         ai_scriptconditions.cpp
         ai_senses.cpp
         ai_sentence.cpp
         ai_speech.cpp
         ai_speechfilter.cpp
         ai_squad.cpp
         ai_squadslot.cpp
         ai_tacticalservices.cpp
         ai_task.cpp
         ai_trackpather.cpp
         ai_utils.cpp
         ai_waypoint.cpp
         ammodef.cpp
         animation.cpp
         base_gameinterface.cpp
         base_playeranimstate.cpp
         base_transmit_proxy.cpp
         baseachievement.cpp
         baseanimating.cpp
         BaseAnimatingOverlay.cpp
         basecombatcharacter.cpp
         basecombatcharacter_shared.cpp
         basecombatweapon.cpp
         basecombatweapon_shared.cpp
         baseentity.cpp
         baseentity_shared.cpp
         baseflex.cpp
         basegrenade_concussion.cpp
         basegrenade_contact.cpp
         basegrenade_shared.cpp
         basegrenade_timed.cpp
         basemultiplayerplayer.cpp
         baseparticleentity.cpp
         baseplayer_shared.cpp
         baseprojectile.cpp
         baseviewmodel.cpp
         baseviewmodel_shared.cpp
         beam_shared.cpp
         bitstring.cpp
         bmodels.cpp
         buttons.cpp
         cbase.cpp
         client.cpp
         collisionproperty.cpp
         colorcorrection.cpp
         colorcorrectionvolume.cpp
         CommentarySystem.cpp
         controlentities.cpp
         cplane.cpp
         CRagdollMagnet.cpp
         damagemodifier.cpp
         death_pose.cpp
         debugoverlay_shared.cpp
         decals.cpp
         doors.cpp
         dynamiclight.cpp
         effect_dispatch_data.cpp
         effects.cpp
         EffectsServer.cpp
         ehandle.cpp
         entityblocker.cpp
         EntityDissolve.cpp
         EntityFlame.cpp
         entitylist.cpp
         entitylist_base.cpp
         EntityParticleTrail.cpp
         EntityParticleTrail_Shared.cpp
         env_debughistory.cpp
         env_detail_controller.cpp
         env_effectsscript.cpp
         env_entity_maker.cpp
         env_particlescript.cpp
         env_player_surface_trigger.cpp
         env_projectedtexture.cpp
         env_screenoverlay.cpp
         env_texturetoggle.cpp
         env_tonemap_controller.cpp
         env_wind_shared.cpp
         env_zoom.cpp
         EnvBeam.cpp
         EnvFade.cpp
         EnvHudHint.cpp
         EnvLaser.cpp
         EnvMessage.cpp
         envmicrophone.cpp
         EnvShake.cpp
         EnvSpark.cpp
         eventlist.cpp
         EventLog.cpp
         explode.cpp
         filters.cpp
         fire.cpp
         fire_smoke.cpp
         fish.cpp
         fogcontroller.cpp
         fourwheelvehiclephysics.cpp
         func_areaportal.cpp
         func_areaportalbase.cpp
         func_areaportalwindow.cpp
         func_break.cpp
         func_breakablesurf.cpp
         func_dust.cpp
         func_ladder.cpp
         func_ladder_endpoint.cpp
         func_lod.cpp
         Func_Monitor.cpp
         func_movelinear.cpp
         func_occluder.cpp
         func_reflective_glass.cpp
         func_smokevolume.cpp
         game.cpp
         game_ui.cpp
         gameinterface.cpp
         gamemovement.cpp
         gamerules.cpp
         gamerules_register.cpp
         GameStats.cpp
         gamestringpool.cpp
         gametrace_dll.cpp
         gamevars_shared.cpp
         gameweaponmanager.cpp
         genericactor.cpp
         genericmonster.cpp
         gib.cpp
         globals.cpp
         globalstate.cpp
         grenadethrown.cpp
         guntarget.cpp
         h_ai.cpp
         h_cycler.cpp
         haptic_msgs.cpp
         haptic_utils.cpp
         hierarchy.cpp
         hintmessage.cpp
         hintsystem.cpp
         hltvdirector.cpp
         igamesystem.cpp
         info_camera_link.cpp
         info_overlay_accessor.cpp
         intermission.cpp
         item_world.cpp
         lightglow.cpp
         lights.cpp
         logic_achievement.cpp
         logic_measure_movement.cpp
         logic_navigation.cpp
         logicauto.cpp
         logicentities.cpp
         logicrelay.cpp
         mapentities.cpp
         mapentities_shared.cpp
         maprules.cpp
         MaterialModifyControl.cpp
         message_entity.cpp
         modelentities.cpp
         ModelSoundsCache.cpp
         monstermaker.cpp
         movehelper_server.cpp
         movement.cpp
         movevars_shared.cpp
         mp_shareddefs.cpp
         multiplay_gamerules.cpp
         ndebugoverlay.cpp
         npc_vehicledriver.cpp
         obstacle_pushaway.cpp
         particle_light.cpp
         particle_parse.cpp
         particle_system.cpp
         particlesystemquery.cpp
         pathcorner.cpp
         pathtrack.cpp
         phys_controller.cpp
         physconstraint.cpp
         physics.cpp
         physics_bone_follower.cpp
         physics_cannister.cpp
         physics_fx.cpp
         physics_impact_damage.cpp
         physics_main.cpp
         physics_main_shared.cpp
         physics_npc_solver.cpp
         physics_prop_ragdoll.cpp
         physics_saverestore.cpp
         physics_shared.cpp
         physobj.cpp
         player.cpp
         player_command.cpp
         player_lagcompensation.cpp
         player_pickup.cpp
         player_resource.cpp
         playerinfomanager.cpp
         playerlocaldata.cpp
         plugin_check.cpp
         point_bonusmaps_accessor.cpp
         point_camera.cpp
         point_devshot_camera.cpp
         point_playermoveconstraint.cpp
         point_posecontroller.cpp
         point_spotlight.cpp
         point_template.cpp
         pointanglesensor.cpp
         PointAngularVelocitySensor.cpp
         pointhurt.cpp
         pointteleport.cpp
         precache_register.cpp
         predictableid.cpp
         props.cpp
         props_shared.cpp
         querycache.cpp
         ragdoll_manager.cpp
         ragdoll_shared.cpp
         RagdollBoogie.cpp
         recipientfilter.cpp
         rope.cpp
         rope_helpers.cpp
         saverestore.cpp
         saverestore_gamedll.cpp
         SceneCache.cpp
         sceneentity.cpp
         sceneentity_shared.cpp
         scratchpad_gamedll_helpers.cpp
         scripted.cpp
         scriptedtarget.cpp
         sendproxy.cpp
         sequence_Transitioner.cpp
         serverbenchmark_base.cpp
         ServerNetworkProperty.cpp
         shadowcontrol.cpp
         simtimer.cpp
         singleplay_gamerules.cpp
         SkyCamera.cpp
         slideshow_display.cpp
         sound.cpp
         SoundEmitterSystem.cpp
         soundent.cpp
         soundenvelope.cpp
         SoundParametersInternal.cpp
         soundscape.cpp
         soundscape_system.cpp
         spotlightend.cpp
         Sprite.cpp
         sprite_perfmonitor.cpp
         studio_shared.cpp
         subs.cpp
         sun.cpp
         tactical_mission.cpp
         takedamageinfo.cpp
         tanktrain.cpp
         team.cpp
         team_spawnpoint.cpp
         teamplay_gamerules.cpp
         TemplateEntities.cpp
         tempmonster.cpp
         tesla.cpp
         test_ehandle.cpp
         test_proxytoggle.cpp
         test_stressentities.cpp
         testfunctions.cpp
         testtraceline.cpp
         textstatsmgr.cpp
         timedeventmgr.cpp
         trains.cpp
         triggers.cpp
         usercmd.cpp
         util.cpp
         util_shared.cpp
         variant_t.cpp
         vehicle_base.cpp
         vehicle_baseserver.cpp
         vehicle_choreo_generic.cpp
         vehicle_viewblend_shared.cpp
         vguiscreen.cpp
         voice_gamemgr.cpp
         vote_controller.cpp
         waterbullet.cpp
         WaterLODControl.cpp
         wcedit.cpp
         weapon_parse.cpp
         weapon_proficiency.cpp
         weight_button.cpp
         world.cpp
         ai_allymanager.cpp
         ai_behavior_actbusy.cpp
         ai_behavior_alyx_injured.cpp
         ai_behavior_functank.cpp
         ai_behavior_holster.cpp
         ai_behavior_operator.cpp
         ai_behavior_passenger.cpp
         ai_behavior_passenger_companion.cpp
         ai_behavior_passenger_zombie.cpp
         ai_behavior_police.cpp
         ai_goal_police.cpp
         ai_spotlight.cpp
         antlion_dust.cpp
         antlion_maker.cpp
         ar2_explosion.cpp
         basebludgeonweapon.cpp
         basehlcombatweapon.cpp
         basehlcombatweapon_shared.cpp
         cbasehelicopter.cpp
         cbasespriteprojectile.cpp
         citadel_effects.cpp
         combine_mine.cpp
         env_alyxemp.cpp
         env_headcrabcanister.cpp
         env_headcrabcanister_shared.cpp
         env_speaker.cpp
         env_starfield.cpp
         func_recharge.cpp
         func_tank.cpp
         grenade_ar2.cpp
         grenade_bugbait.cpp
         grenade_frag.cpp
         grenade_spit.cpp
         hl2_ai_network.cpp
         hl2_eventlog.cpp
         hl2_gamerules.cpp
         hl2_player.cpp
         hl2_playerlocaldata.cpp
         hl2_triggers.cpp
         hl_gamemovement.cpp
         hl_playermove.cpp
         info_darknessmode_lightsource.cpp
         info_teleporter_countdown.cpp
         item_ammo.cpp
         item_battery.cpp
         item_dynamic_resupply.cpp
         item_healthkit.cpp
         item_itemcrate.cpp
         item_suit.cpp
         look_door.cpp
         monster_dummy.cpp
         npc_alyx_episodic.cpp
         npc_antlion.cpp
         npc_antlionguard.cpp
         npc_apcdriver.cpp
         npc_attackchopper.cpp
         npc_barnacle.cpp
         npc_barney.cpp
         npc_basescanner.cpp
         npc_BaseZombie.cpp
         npc_breen.cpp
         npc_bullseye.cpp
         npc_citizen17.cpp
         npc_combine.cpp
         npc_combinecamera.cpp
         npc_combinedropship.cpp
         npc_combinegunship.cpp
         npc_combines.cpp
         npc_cranedriver.cpp
         npc_crow.cpp
         npc_dog.cpp
         npc_eli.cpp
         npc_enemyfinder.cpp
         npc_fastzombie.cpp
         npc_fisherman.cpp
         npc_gman.cpp
         npc_headcrab.cpp
         npc_hunter.cpp
         npc_ichthyosaur.cpp
         npc_kleiner.cpp
         npc_launcher.cpp
         npc_manhack.cpp
         npc_metropolice.cpp
         npc_monk.cpp
         npc_mossman.cpp
         npc_playercompanion.cpp
         npc_PoisonZombie.cpp
         npc_rollermine.cpp
         npc_scanner.cpp
         npc_stalker.cpp
         npc_strider.cpp
         npc_talker.cpp
         npc_turret_ceiling.cpp
         npc_turret_floor.cpp
         npc_turret_ground.cpp
         npc_vortigaunt_episodic.cpp
         npc_zombie.cpp
         npc_zombine.cpp
         point_apc_controller.cpp
         prop_combine_ball.cpp
         prop_thumper.cpp
         proto_sniper.cpp
         rotorwash.cpp
         script_intro.cpp
         script_intro_shared.cpp
         vehicle_airboat.cpp
         vehicle_cannon.cpp
         vehicle_crane.cpp
         vehicle_jeep.cpp
         vehicle_jeep_episodic.cpp
         vehicle_prisoner_pod.cpp
         vehicle_viewcontroller.cpp
         weapon_357.cpp
         weapon_alyxgun.cpp
         weapon_annabelle.cpp
         weapon_ar2.cpp
         weapon_bugbait.cpp
         weapon_citizenpackage.cpp
         weapon_crossbow.cpp
         weapon_crowbar.cpp
         weapon_cubemap.cpp
         weapon_frag.cpp
         weapon_pistol.cpp
         weapon_rpg.cpp
         weapon_shotgun.cpp
         weapon_smg1.cpp
         weapon_striderbuster.cpp
         weapon_stunstick.cpp
         grenade_beam.cpp
         grenade_homer.cpp
         grenade_hopwire.cpp
         grenade_pathfollower.cpp
         npc_missiledefense.cpp
         vehicle_apc.cpp
         weapon_cguard.cpp
         weapon_flaregun.cpp
         weapon_hopwire.cpp
         achievements_portal.cpp
         cbaseanimatingprojectile.cpp
         env_lightrail_endpoint.cpp
         env_portal_credits.cpp
         env_portal_path_track.cpp
         func_liquidportal.cpp
         func_noportal_volume.cpp
         func_portal_bumper.cpp
         func_portal_detector.cpp
         func_portal_orientation.cpp
         multiplayer_animstate.cpp
         neurotoxin_countdown.cpp
         npc_portal_turret_floor.cpp
         npc_portal_turret_ground.cpp
         npc_rocket_turret.cpp
         npc_security_camera.cpp
         PhysicsCloneArea.cpp
         physicsshadowclone.cpp
         portal_client.cpp
         portal_collideable_enumerator.cpp
         Portal_CustomStatsVisualizer.cpp
         portal_gamemovement.cpp
         portal_gamerules.cpp
         portal_gamestats.cpp
         portal_physics_collisionevent.cpp
         portal_placement.cpp
         portal_player.cpp
         portal_player_shared.cpp
         portal_playeranimstate.cpp
         portal_radio.cpp
         portal_shareddefs.cpp
         portal_usermessages.cpp
         portal_util_shared.cpp
         portal_weapon_parse.cpp
         PortalSimulation.cpp
         prop_energy_ball.cpp
         prop_glados_core.cpp
         prop_portal.cpp
         prop_portal_shared.cpp
         prop_portal_stats_display.cpp
         prop_telescopic_arm.cpp
         StaticCollisionPolyhedronCache.cpp
         trigger_portal_cleanser.cpp
         weapon_physcannon.cpp
         weapon_portalbase.cpp
         weapon_portalbasecombatweapon.cpp
         weapon_portalgun.cpp
         weapon_portalgun_shared.cpp
         basetempentity.cpp
         event_tempentity_tester.cpp
         movie_explosion.cpp
         particle_fire.cpp
         particle_smokegrenade.cpp
         plasma.cpp
         smoke_trail.cpp
         smokestack.cpp
         SpriteTrail.cpp
         steamjet.cpp
         te.cpp
         te_armorricochet.cpp
         te_basebeam.cpp
         te_beamentpoint.cpp
         te_beaments.cpp
         te_beamfollow.cpp
         te_beamlaser.cpp
         te_beampoints.cpp
         te_beamring.cpp
         te_beamringpoint.cpp
         te_beamspline.cpp
         te_bloodsprite.cpp
         te_bloodstream.cpp
         te_breakmodel.cpp
         te_bspdecal.cpp
         te_bubbles.cpp
         te_bubbletrail.cpp
         te_clientprojectile.cpp
         te_decal.cpp
         te_dynamiclight.cpp
         te_effect_dispatch.cpp
         te_energysplash.cpp
         te_explosion.cpp
         te_fizz.cpp
         te_footprintdecal.cpp
         te_gaussexplosion.cpp
         te_glassshatter.cpp
         te_glowsprite.cpp
         te_impact.cpp
         te_killplayerattachments.cpp
         te_largefunnel.cpp
         te_muzzleflash.cpp
         te_particlesystem.cpp
         te_physicsprop.cpp
         te_playerdecal.cpp
         te_projecteddecal.cpp
         te_showline.cpp
         te_smoke.cpp
         te_sparks.cpp
         te_sprite.cpp
         te_spritespray.cpp
         te_worlddecal.cpp
         usermessages.cpp
         entity_tools_server.cpp
         toolframework_server.cpp
         C:\Program Files (x86)\Microsoft Visual Studio 12.0\VC\bin\CL.exe /c /I..\..\common /I..\..\public /I..\..\public\tier0 /I..\..\public\tier1 /I..\..\game\server\generated_proto_portal /I"..\..\thirdparty\protobuf-2.3.0\src" /I.\ /I..\..\game\shared /I..\..\utils\common /I..\..\game\shared\econ /I..\..\game\server\NextBot /I..\..\game\shared\portal /I.\hl2 /I.\episodic /I..\..\game\shared\Multiplayer /I..\..\game\shared\hl2 /I..\..\game\shared\portal /I.\portal /Zi /nologo /W4 /WX /MP /O2 /Ob2 /Oi /Ot /Oy- /D VPC /D RAD_TELEMETRY_DISABLED /D WIN32 /D _WIN32 /D NDEBUG /D _WINDOWS /D _USRDLL /D _CRT_SECURE_NO_DEPRECATE /D _CRT_NONSTDC_NO_DEPRECATE /D _ALLOW_RUNTIME_LIBRARY_MISMATCH /D _ALLOW_ITERATOR_DEBUG_LEVEL_MISMATCH /D _ALLOW_MSC_VER_MISMATCH /D _USING_V110_SDK71_ /D _WINDLL /D _MBCS /D COMPILER_MSVC32 /D COMPILER_MSVC32 /D COMPILER_MSVC /D _DLL_EXT=.dll /D DLLNAME=server /D BINK_VIDEO /D AVI_VIDEO /D WMV_VIDEO /D DEV_BUILD /D FRAME_POINTER_OMISSION_DISABLED /D GAME_DLL /D VECTOR /D VERSION_SAFE_STEAM_API_INTERFACES /D PROTECTED_THINGS_ENABLE /D sprintf=use_Q_snprintf_instead_of_sprintf /D strncpy=use_Q_strncpy_instead /D _snprintf=use_Q_snprintf_instead /D fopen=dont_use_fopen /D PORTAL /D HL2_DLL /D HL2_EPISODIC /D USES_SAVERESTORE /D _EXTERNAL_DLL_EXT=.dll /D VPCGAMECAPS=PORTAL /D "PROJECTDIR=C:\Users\FredrichVonPreussen\Downloads\portal-sdk-2013-master\portal-sdk-2013-master\src\game\server" /D _DLL_EXT=.dll /D SOURCE1=1 /D VPCGAME=portal /GF /Gm- /MT /GS /Gy /arch:SSE /fp:fast /Zc:wchar_t /Zc:forScope /GR /Fo".\Release_portal\/" /Fd".\Release_portal\/vc120.pdb" /Gd /TP /wd4316 /analyze- /FC /errorReport:prompt /Zm200 /d2Zi+ /Gw ..\..\public\bone_setup.cpp ..\..\public\collisionutils.cpp ..\..\public\dt_send.cpp ..\..\public\dt_utlvector_common.cpp ..\..\public\dt_utlvector_send.cpp ..\..\public\editor_sendcommand.cpp ..\..\public\filesystem_helpers.cpp gamehandle.cpp GameStats_BasicStatsFunctions.cpp h_export.cpp init_factory.cpp ..\..\public\interpolatortypes.cpp ..\..\game\shared\interval.cpp ..\..\public\keyframe\keyframe.cpp ..\..\common\language.cpp ..\..\public\map_utils.cpp ..\..\public\tier0\memoverride.cpp ..\..\public\networkvar.cpp ..\..\common\randoverride.cpp ..\..\public\registry.cpp ..\..\public\rope_physics.cpp ..\..\public\scratchpad3d.cpp ..\..\public\ScratchPadUtils.cpp ..\..\public\server_class.cpp ..\..\game\shared\sheetsimulator.cpp ..\..\public\simple_physics.cpp ..\..\public\stringregistry.cpp ..\..\public\studio.cpp
         bone_setup.cpp
         collisionutils.cpp
         dt_send.cpp
         dt_utlvector_common.cpp
         dt_utlvector_send.cpp
         editor_sendcommand.cpp
         filesystem_helpers.cpp
         gamehandle.cpp
         GameStats_BasicStatsFunctions.cpp
         h_export.cpp
         init_factory.cpp
         interpolatortypes.cpp
         interval.cpp
         keyframe.cpp
         language.cpp
         map_utils.cpp
         memoverride.cpp
         networkvar.cpp
         randoverride.cpp
         registry.cpp
         rope_physics.cpp
         scratchpad3d.cpp
         ScratchPadUtils.cpp
         server_class.cpp
         sheetsimulator.cpp
         simple_physics.cpp
         stringregistry.cpp
         studio.cpp
       Link:
         C:\Program Files (x86)\Microsoft Visual Studio 12.0\VC\bin\link.exe /ERRORREPORT:PROMPT /OUT:".\Release_portal\\server.dll" /INCREMENTAL:NO /NOLOGO /LIBPATH:..\..\lib\common\. /LIBPATH:..\..\lib\public\. shell32.lib user32.lib advapi32.lib gdi32.lib comdlg32.lib ole32.lib winmm.lib /NODEFAULTLIB:libc /NODEFAULTLIB:libcd /NODEFAULTLIB:libcmtd /MANIFEST:NO /DEBUG /PDB:".\Release_portal\/server.pdb" /SUBSYSTEM:WINDOWS,"5.01" /OPT:REF /OPT:NOICF /TLBID:1 /DYNAMICBASE:NO /NXCOMPAT /IMPLIB:".\Release_portal\server.lib" /MACHINE:X86 /SAFESEH:NO  /ignore:4221 /DLL .\Release_portal\\pointeroverride.obj
         .\Release_portal\/gamedll_replay.obj
         .\Release_portal\/achievement_saverestore.obj
         .\Release_portal\/achievementmgr.obj
         .\Release_portal\/achievements_hlx.obj
         .\Release_portal\/activitylist.obj
         .\Release_portal\/ai_activity.obj
         .\Release_portal\/ai_baseactor.obj
         .\Release_portal\/ai_basehumanoid.obj
         .\Release_portal\/ai_basenpc.obj
         .\Release_portal\/ai_basenpc_flyer.obj
         .\Release_portal\/ai_basenpc_flyer_new.obj
         .\Release_portal\/ai_basenpc_movement.obj
         .\Release_portal\/ai_basenpc_physicsflyer.obj
         .\Release_portal\/ai_basenpc_schedule.obj
         .\Release_portal\/ai_basenpc_squad.obj
         .\Release_portal\/ai_behavior.obj
         .\Release_portal\/ai_behavior_assault.obj
         .\Release_portal\/ai_behavior_fear.obj
         .\Release_portal\/ai_behavior_follow.obj
         .\Release_portal\/ai_behavior_lead.obj
         .\Release_portal\/ai_behavior_rappel.obj
         .\Release_portal\/ai_behavior_standoff.obj
         .\Release_portal\/ai_blended_movement.obj
         .\Release_portal\/ai_concommands.obj
         .\Release_portal\/ai_condition.obj
         .\Release_portal\/AI_Criteria.obj
         .\Release_portal\/ai_default.obj
         .\Release_portal\/ai_dynamiclink.obj
         .\Release_portal\/ai_event.obj
         .\Release_portal\/ai_eventresponse.obj
         .\Release_portal\/ai_goalentity.obj
         .\Release_portal\/ai_hint.obj
         .\Release_portal\/ai_hull.obj
         .\Release_portal\/ai_initutils.obj
         .\Release_portal\/AI_Interest_Target.obj
         .\Release_portal\/ai_link.obj
         .\Release_portal\/ai_localnavigator.obj
         .\Release_portal\/ai_looktarget.obj
         .\Release_portal\/ai_memory.obj
         .\Release_portal\/ai_motor.obj
         .\Release_portal\/ai_moveprobe.obj
         .\Release_portal\/ai_moveshoot.obj
         .\Release_portal\/ai_movesolver.obj
         .\Release_portal\/ai_namespaces.obj
         .\Release_portal\/ai_navigator.obj
         .\Release_portal\/ai_network.obj
         .\Release_portal\/ai_networkmanager.obj
         .\Release_portal\/ai_node.obj
         .\Release_portal\/ai_pathfinder.obj
         .\Release_portal\/ai_planesolver.obj
         .\Release_portal\/ai_playerally.obj
         .\Release_portal\/ai_relationship.obj
         .\Release_portal\/AI_ResponseSystem.obj
         .\Release_portal\/ai_route.obj
         .\Release_portal\/ai_saverestore.obj
         .\Release_portal\/ai_schedule.obj
         .\Release_portal\/ai_scriptconditions.obj
         .\Release_portal\/ai_senses.obj
         .\Release_portal\/ai_sentence.obj
         .\Release_portal\/ai_speech.obj
         .\Release_portal\/ai_speechfilter.obj
         .\Release_portal\/ai_squad.obj
         .\Release_portal\/ai_squadslot.obj
         .\Release_portal\/ai_tacticalservices.obj
         .\Release_portal\/ai_task.obj
         .\Release_portal\/ai_trackpather.obj
         .\Release_portal\/ai_utils.obj
         .\Release_portal\/ai_waypoint.obj
         .\Release_portal\/ammodef.obj
         .\Release_portal\/animation.obj
         .\Release_portal\/base_gameinterface.obj
         .\Release_portal\/base_playeranimstate.obj
         .\Release_portal\/base_transmit_proxy.obj
         .\Release_portal\/baseachievement.obj
         .\Release_portal\/baseanimating.obj
         .\Release_portal\/BaseAnimatingOverlay.obj
         .\Release_portal\/basecombatcharacter.obj
         .\Release_portal\/basecombatcharacter_shared.obj
         .\Release_portal\/basecombatweapon.obj
         .\Release_portal\/basecombatweapon_shared.obj
         .\Release_portal\/baseentity.obj
         .\Release_portal\/baseentity_shared.obj
         .\Release_portal\/baseflex.obj
         .\Release_portal\/basegrenade_concussion.obj
         .\Release_portal\/basegrenade_contact.obj
         .\Release_portal\/basegrenade_shared.obj
         .\Release_portal\/basegrenade_timed.obj
         .\Release_portal\/basemultiplayerplayer.obj
         .\Release_portal\/baseparticleentity.obj
         .\Release_portal\/baseplayer_shared.obj
         .\Release_portal\/baseprojectile.obj
         .\Release_portal\/baseviewmodel.obj
         .\Release_portal\/baseviewmodel_shared.obj
         .\Release_portal\/beam_shared.obj
         .\Release_portal\/bitstring.obj
         .\Release_portal\/bmodels.obj
         .\Release_portal\/bone_setup.obj
         .\Release_portal\/buttons.obj
         .\Release_portal\/cbase.obj
         .\Release_portal\/client.obj
         .\Release_portal\/collisionproperty.obj
         .\Release_portal\/collisionutils.obj
         .\Release_portal\/colorcorrection.obj
         .\Release_portal\/colorcorrectionvolume.obj
         .\Release_portal\/CommentarySystem.obj
         .\Release_portal\/controlentities.obj
         .\Release_portal\/cplane.obj
         .\Release_portal\/CRagdollMagnet.obj
         .\Release_portal\/damagemodifier.obj
         .\Release_portal\/death_pose.obj
         .\Release_portal\/debugoverlay_shared.obj
         .\Release_portal\/decals.obj
         .\Release_portal\/doors.obj
         .\Release_portal\/dt_send.obj
         .\Release_portal\/dt_utlvector_common.obj
         .\Release_portal\/dt_utlvector_send.obj
         .\Release_portal\/dynamiclight.obj
         .\Release_portal\/editor_sendcommand.obj
         .\Release_portal\/effect_dispatch_data.obj
         .\Release_portal\/effects.obj
         .\Release_portal\/EffectsServer.obj
         .\Release_portal\/ehandle.obj
         .\Release_portal\/entityblocker.obj
         .\Release_portal\/EntityDissolve.obj
         .\Release_portal\/EntityFlame.obj
         .\Release_portal\/entitylist.obj
         .\Release_portal\/entitylist_base.obj
         .\Release_portal\/EntityParticleTrail.obj
         .\Release_portal\/EntityParticleTrail_Shared.obj
         .\Release_portal\/env_debughistory.obj
         .\Release_portal\/env_detail_controller.obj
         .\Release_portal\/env_effectsscript.obj
         .\Release_portal\/env_entity_maker.obj
         .\Release_portal\/env_particlescript.obj
         .\Release_portal\/env_player_surface_trigger.obj
         .\Release_portal\/env_projectedtexture.obj
         .\Release_portal\/env_screenoverlay.obj
         .\Release_portal\/env_texturetoggle.obj
         .\Release_portal\/env_tonemap_controller.obj
         .\Release_portal\/env_wind_shared.obj
         .\Release_portal\/env_zoom.obj
         .\Release_portal\/EnvBeam.obj
         .\Release_portal\/EnvFade.obj
         .\Release_portal\/EnvHudHint.obj
         .\Release_portal\/EnvLaser.obj
         .\Release_portal\/EnvMessage.obj
         .\Release_portal\/envmicrophone.obj
         .\Release_portal\/EnvShake.obj
         .\Release_portal\/EnvSpark.obj
         .\Release_portal\/eventlist.obj
         .\Release_portal\/EventLog.obj
         .\Release_portal\/explode.obj
         .\Release_portal\/filesystem_helpers.obj
         .\Release_portal\/filters.obj
         .\Release_portal\/fire.obj
         .\Release_portal\/fire_smoke.obj
         .\Release_portal\/fish.obj
         .\Release_portal\/fogcontroller.obj
         .\Release_portal\/fourwheelvehiclephysics.obj
         .\Release_portal\/func_areaportal.obj
         .\Release_portal\/func_areaportalbase.obj
         .\Release_portal\/func_areaportalwindow.obj
         .\Release_portal\/func_break.obj
         .\Release_portal\/func_breakablesurf.obj
         .\Release_portal\/func_dust.obj
         .\Release_portal\/func_ladder.obj
         .\Release_portal\/func_ladder_endpoint.obj
         .\Release_portal\/func_lod.obj
         .\Release_portal\/Func_Monitor.obj
         .\Release_portal\/func_movelinear.obj
         .\Release_portal\/func_occluder.obj
         .\Release_portal\/func_reflective_glass.obj
         .\Release_portal\/func_smokevolume.obj
         .\Release_portal\/game.obj
         .\Release_portal\/game_ui.obj
         .\Release_portal\/gamehandle.obj
         .\Release_portal\/gameinterface.obj
         .\Release_portal\/gamemovement.obj
         .\Release_portal\/gamerules.obj
         .\Release_portal\/gamerules_register.obj
         .\Release_portal\/GameStats.obj
         .\Release_portal\/GameStats_BasicStatsFunctions.obj
         .\Release_portal\/gamestringpool.obj
         .\Release_portal\/gametrace_dll.obj
         .\Release_portal\/gamevars_shared.obj
         .\Release_portal\/gameweaponmanager.obj
         .\Release_portal\/genericactor.obj
         .\Release_portal\/genericmonster.obj
         .\Release_portal\/gib.obj
         .\Release_portal\/globals.obj
         .\Release_portal\/globalstate.obj
         .\Release_portal\/grenadethrown.obj
         .\Release_portal\/guntarget.obj
         .\Release_portal\/h_ai.obj
         .\Release_portal\/h_cycler.obj
         .\Release_portal\/h_export.obj
         .\Release_portal\/haptic_msgs.obj
         .\Release_portal\/haptic_utils.obj
         .\Release_portal\/hierarchy.obj
         .\Release_portal\/hintmessage.obj
         .\Release_portal\/hintsystem.obj
         .\Release_portal\/hltvdirector.obj
         .\Release_portal\/igamesystem.obj
         .\Release_portal\/info_camera_link.obj
         .\Release_portal\/info_overlay_accessor.obj
         .\Release_portal\/init_factory.obj
         .\Release_portal\/intermission.obj
         .\Release_portal\/interpolatortypes.obj
         .\Release_portal\/interval.obj
         .\Release_portal\/item_world.obj
         .\Release_portal\/keyframe.obj
         .\Release_portal\/language.obj
         .\Release_portal\/lightglow.obj
         .\Release_portal\/lights.obj
         .\Release_portal\/logic_achievement.obj
         .\Release_portal\/logic_measure_movement.obj
         .\Release_portal\/logic_navigation.obj
         .\Release_portal\/logicauto.obj
         .\Release_portal\/logicentities.obj
         .\Release_portal\/logicrelay.obj
         .\Release_portal\/map_utils.obj
         .\Release_portal\/mapentities.obj
         .\Release_portal\/mapentities_shared.obj
         .\Release_portal\/maprules.obj
         .\Release_portal\/MaterialModifyControl.obj
         .\Release_portal\/memoverride.obj
         .\Release_portal\/message_entity.obj
         .\Release_portal\/modelentities.obj
         .\Release_portal\/ModelSoundsCache.obj
         .\Release_portal\/monstermaker.obj
         .\Release_portal\/movehelper_server.obj
         .\Release_portal\/movement.obj
         .\Release_portal\/movevars_shared.obj
         .\Release_portal\/mp_shareddefs.obj
         .\Release_portal\/multiplay_gamerules.obj
         .\Release_portal\/ndebugoverlay.obj
         .\Release_portal\/networkvar.obj
         .\Release_portal\/npc_vehicledriver.obj
         .\Release_portal\/obstacle_pushaway.obj
         .\Release_portal\/particle_light.obj
         .\Release_portal\/particle_parse.obj
         .\Release_portal\/particle_system.obj
         .\Release_portal\/particlesystemquery.obj
         .\Release_portal\/pathcorner.obj
         .\Release_portal\/pathtrack.obj
         .\Release_portal\/phys_controller.obj
         .\Release_portal\/physconstraint.obj
         .\Release_portal\/physics.obj
         .\Release_portal\/physics_bone_follower.obj
         .\Release_portal\/physics_cannister.obj
         .\Release_portal\/physics_fx.obj
         .\Release_portal\/physics_impact_damage.obj
         .\Release_portal\/physics_main.obj
         .\Release_portal\/physics_main_shared.obj
         .\Release_portal\/physics_npc_solver.obj
         .\Release_portal\/physics_prop_ragdoll.obj
         .\Release_portal\/physics_saverestore.obj
         .\Release_portal\/physics_shared.obj
         .\Release_portal\/physobj.obj
         .\Release_portal\/player.obj
         .\Release_portal\/player_command.obj
         .\Release_portal\/player_lagcompensation.obj
         .\Release_portal\/player_pickup.obj
         .\Release_portal\/player_resource.obj
         .\Release_portal\/playerinfomanager.obj
         .\Release_portal\/playerlocaldata.obj
         .\Release_portal\/plugin_check.obj
         .\Release_portal\/point_bonusmaps_accessor.obj
         .\Release_portal\/point_camera.obj
         .\Release_portal\/point_devshot_camera.obj
         .\Release_portal\/point_playermoveconstraint.obj
         .\Release_portal\/point_posecontroller.obj
         .\Release_portal\/point_spotlight.obj
         .\Release_portal\/point_template.obj
         .\Release_portal\/pointanglesensor.obj
         .\Release_portal\/PointAngularVelocitySensor.obj
         .\Release_portal\/pointhurt.obj
         .\Release_portal\/pointteleport.obj
         .\Release_portal\/precache_register.obj
         .\Release_portal\/predictableid.obj
         .\Release_portal\/props.obj
         .\Release_portal\/props_shared.obj
         .\Release_portal\/querycache.obj
         .\Release_portal\/ragdoll_manager.obj
         .\Release_portal\/ragdoll_shared.obj
         .\Release_portal\/RagdollBoogie.obj
         .\Release_portal\/randoverride.obj
         .\Release_portal\/recipientfilter.obj
         .\Release_portal\/registry.obj
         .\Release_portal\/rope.obj
         .\Release_portal\/rope_helpers.obj
         .\Release_portal\/rope_physics.obj
         .\Release_portal\/saverestore.obj
         .\Release_portal\/saverestore_gamedll.obj
         .\Release_portal\/SceneCache.obj
         .\Release_portal\/sceneentity.obj
         .\Release_portal\/sceneentity_shared.obj
         .\Release_portal\/scratchpad3d.obj
         .\Release_portal\/scratchpad_gamedll_helpers.obj
         .\Release_portal\/ScratchPadUtils.obj
         .\Release_portal\/scripted.obj
         .\Release_portal\/scriptedtarget.obj
         .\Release_portal\/sendproxy.obj
         .\Release_portal\/sequence_Transitioner.obj
         .\Release_portal\/server_class.obj
         .\Release_portal\/serverbenchmark_base.obj
         .\Release_portal\/ServerNetworkProperty.obj
         .\Release_portal\/shadowcontrol.obj
         .\Release_portal\/sheetsimulator.obj
         .\Release_portal\/simple_physics.obj
         .\Release_portal\/simtimer.obj
         .\Release_portal\/singleplay_gamerules.obj
         .\Release_portal\/SkyCamera.obj
         .\Release_portal\/slideshow_display.obj
         .\Release_portal\/sound.obj
         .\Release_portal\/SoundEmitterSystem.obj
         .\Release_portal\/soundent.obj
         .\Release_portal\/soundenvelope.obj
         .\Release_portal\/SoundParametersInternal.obj
         .\Release_portal\/soundscape.obj
         .\Release_portal\/soundscape_system.obj
         .\Release_portal\/spotlightend.obj
         .\Release_portal\/Sprite.obj
         .\Release_portal\/sprite_perfmonitor.obj
         .\Release_portal\/stringregistry.obj
         .\Release_portal\/studio.obj
         .\Release_portal\/studio_shared.obj
         .\Release_portal\/subs.obj
         .\Release_portal\/sun.obj
         .\Release_portal\/tactical_mission.obj
         .\Release_portal\/takedamageinfo.obj
         .\Release_portal\/tanktrain.obj
         .\Release_portal\/team.obj
         .\Release_portal\/team_spawnpoint.obj
         .\Release_portal\/teamplay_gamerules.obj
         .\Release_portal\/TemplateEntities.obj
         .\Release_portal\/tempmonster.obj
         .\Release_portal\/tesla.obj
         .\Release_portal\/test_ehandle.obj
         .\Release_portal\/test_proxytoggle.obj
         .\Release_portal\/test_stressentities.obj
         .\Release_portal\/testfunctions.obj
         .\Release_portal\/testtraceline.obj
         .\Release_portal\/textstatsmgr.obj
         .\Release_portal\/timedeventmgr.obj
         .\Release_portal\/trains.obj
         .\Release_portal\/triggers.obj
         .\Release_portal\/usercmd.obj
         .\Release_portal\/util.obj
         .\Release_portal\/util_shared.obj
         .\Release_portal\/variant_t.obj
         .\Release_portal\/vehicle_base.obj
         .\Release_portal\/vehicle_baseserver.obj
         .\Release_portal\/vehicle_choreo_generic.obj
         .\Release_portal\/vehicle_viewblend_shared.obj
         .\Release_portal\/vguiscreen.obj
         .\Release_portal\/voice_gamemgr.obj
         .\Release_portal\/vote_controller.obj
         .\Release_portal\/waterbullet.obj
         .\Release_portal\/WaterLODControl.obj
         .\Release_portal\/wcedit.obj
         .\Release_portal\/weapon_parse.obj
         .\Release_portal\/weapon_proficiency.obj
         .\Release_portal\/weight_button.obj
         .\Release_portal\/world.obj
         .\Release_portal\/ai_allymanager.obj
         .\Release_portal\/ai_behavior_actbusy.obj
         .\Release_portal\/ai_behavior_alyx_injured.obj
         .\Release_portal\/ai_behavior_functank.obj
         .\Release_portal\/ai_behavior_holster.obj
         .\Release_portal\/ai_behavior_operator.obj
         .\Release_portal\/ai_behavior_passenger.obj
         .\Release_portal\/ai_behavior_passenger_companion.obj
         .\Release_portal\/ai_behavior_passenger_zombie.obj
         .\Release_portal\/ai_behavior_police.obj
         .\Release_portal\/ai_goal_police.obj
         .\Release_portal\/ai_spotlight.obj
         .\Release_portal\/antlion_dust.obj
         .\Release_portal\/antlion_maker.obj
         .\Release_portal\/ar2_explosion.obj
         .\Release_portal\/basebludgeonweapon.obj
         .\Release_portal\/basehlcombatweapon.obj
         .\Release_portal\/basehlcombatweapon_shared.obj
         .\Release_portal\/cbasehelicopter.obj
         .\Release_portal\/cbasespriteprojectile.obj
         .\Release_portal\/citadel_effects.obj
         .\Release_portal\/combine_mine.obj
         .\Release_portal\/env_alyxemp.obj
         .\Release_portal\/env_headcrabcanister.obj
         .\Release_portal\/env_headcrabcanister_shared.obj
         .\Release_portal\/env_speaker.obj
         .\Release_portal\/env_starfield.obj
         .\Release_portal\/func_recharge.obj
         .\Release_portal\/func_tank.obj
         .\Release_portal\/grenade_ar2.obj
         .\Release_portal\/grenade_bugbait.obj
         .\Release_portal\/grenade_frag.obj
         .\Release_portal\/grenade_spit.obj
         .\Release_portal\/hl2_ai_network.obj
         .\Release_portal\/hl2_eventlog.obj
         .\Release_portal\/hl2_gamerules.obj
         .\Release_portal\/hl2_player.obj
         .\Release_portal\/hl2_playerlocaldata.obj
         .\Release_portal\/hl2_triggers.obj
         .\Release_portal\/hl_gamemovement.obj
         .\Release_portal\/hl_playermove.obj
         .\Release_portal\/info_darknessmode_lightsource.obj
         .\Release_portal\/info_teleporter_countdown.obj
         .\Release_portal\/item_ammo.obj
         .\Release_portal\/item_battery.obj
         .\Release_portal\/item_dynamic_resupply.obj
         .\Release_portal\/item_healthkit.obj
         .\Release_portal\/item_itemcrate.obj
         .\Release_portal\/item_suit.obj
         .\Release_portal\/look_door.obj
         .\Release_portal\/monster_dummy.obj
         .\Release_portal\/npc_alyx_episodic.obj
         .\Release_portal\/npc_antlion.obj
         .\Release_portal\/npc_antlionguard.obj
         .\Release_portal\/npc_apcdriver.obj
         .\Release_portal\/npc_attackchopper.obj
         .\Release_portal\/npc_barnacle.obj
         .\Release_portal\/npc_barney.obj
         .\Release_portal\/npc_basescanner.obj
         .\Release_portal\/npc_BaseZombie.obj
         .\Release_portal\/npc_breen.obj
         .\Release_portal\/npc_bullseye.obj
         .\Release_portal\/npc_citizen17.obj
         .\Release_portal\/npc_combine.obj
         .\Release_portal\/npc_combinecamera.obj
         .\Release_portal\/npc_combinedropship.obj
         .\Release_portal\/npc_combinegunship.obj
         .\Release_portal\/npc_combines.obj
         .\Release_portal\/npc_cranedriver.obj
         .\Release_portal\/npc_crow.obj
         .\Release_portal\/npc_dog.obj
         .\Release_portal\/npc_eli.obj
         .\Release_portal\/npc_enemyfinder.obj
         .\Release_portal\/npc_fastzombie.obj
         .\Release_portal\/npc_fisherman.obj
         .\Release_portal\/npc_gman.obj
         .\Release_portal\/npc_headcrab.obj
         .\Release_portal\/npc_hunter.obj
         .\Release_portal\/npc_ichthyosaur.obj
         .\Release_portal\/npc_kleiner.obj
         .\Release_portal\/npc_launcher.obj
         .\Release_portal\/npc_manhack.obj
         .\Release_portal\/npc_metropolice.obj
         .\Release_portal\/npc_monk.obj
         .\Release_portal\/npc_mossman.obj
         .\Release_portal\/npc_playercompanion.obj
         .\Release_portal\/npc_PoisonZombie.obj
         .\Release_portal\/npc_rollermine.obj
         .\Release_portal\/npc_scanner.obj
         .\Release_portal\/npc_stalker.obj
         .\Release_portal\/npc_strider.obj
         .\Release_portal\/npc_talker.obj
         .\Release_portal\/npc_turret_ceiling.obj
         .\Release_portal\/npc_turret_floor.obj
         .\Release_portal\/npc_turret_ground.obj
         .\Release_portal\/npc_vortigaunt_episodic.obj
         .\Release_portal\/npc_zombie.obj
         .\Release_portal\/npc_zombine.obj
         .\Release_portal\/point_apc_controller.obj
         .\Release_portal\/prop_combine_ball.obj
         .\Release_portal\/prop_thumper.obj
         .\Release_portal\/proto_sniper.obj
         .\Release_portal\/rotorwash.obj
         .\Release_portal\/script_intro.obj
         .\Release_portal\/script_intro_shared.obj
         .\Release_portal\/vehicle_airboat.obj
         .\Release_portal\/vehicle_cannon.obj
         .\Release_portal\/vehicle_crane.obj
         .\Release_portal\/vehicle_jeep.obj
         .\Release_portal\/vehicle_jeep_episodic.obj
         .\Release_portal\/vehicle_prisoner_pod.obj
         .\Release_portal\/vehicle_viewcontroller.obj
         .\Release_portal\/weapon_357.obj
         .\Release_portal\/weapon_alyxgun.obj
         .\Release_portal\/weapon_annabelle.obj
         .\Release_portal\/weapon_ar2.obj
         .\Release_portal\/weapon_bugbait.obj
         .\Release_portal\/weapon_citizenpackage.obj
         .\Release_portal\/weapon_crossbow.obj
         .\Release_portal\/weapon_crowbar.obj
         .\Release_portal\/weapon_cubemap.obj
         .\Release_portal\/weapon_frag.obj
         .\Release_portal\/weapon_pistol.obj
         .\Release_portal\/weapon_rpg.obj
         .\Release_portal\/weapon_shotgun.obj
         .\Release_portal\/weapon_smg1.obj
         .\Release_portal\/weapon_striderbuster.obj
         .\Release_portal\/weapon_stunstick.obj
         .\Release_portal\/grenade_beam.obj
         .\Release_portal\/grenade_homer.obj
         .\Release_portal\/grenade_hopwire.obj
         .\Release_portal\/grenade_pathfollower.obj
         .\Release_portal\/npc_missiledefense.obj
         .\Release_portal\/vehicle_apc.obj
         .\Release_portal\/weapon_cguard.obj
         .\Release_portal\/weapon_flaregun.obj
         .\Release_portal\/weapon_hopwire.obj
         .\Release_portal\/achievements_portal.obj
         .\Release_portal\/cbaseanimatingprojectile.obj
         .\Release_portal\/env_lightrail_endpoint.obj
         .\Release_portal\/env_portal_credits.obj
         .\Release_portal\/env_portal_path_track.obj
         .\Release_portal\/func_liquidportal.obj
         .\Release_portal\/func_noportal_volume.obj
         .\Release_portal\/func_portal_bumper.obj
         .\Release_portal\/func_portal_detector.obj
         .\Release_portal\/func_portal_orientation.obj
         .\Release_portal\/multiplayer_animstate.obj
         .\Release_portal\/neurotoxin_countdown.obj
         .\Release_portal\/npc_portal_turret_floor.obj
         .\Release_portal\/npc_portal_turret_ground.obj
         .\Release_portal\/npc_rocket_turret.obj
         .\Release_portal\/npc_security_camera.obj
         .\Release_portal\/PhysicsCloneArea.obj
         .\Release_portal\/physicsshadowclone.obj
         .\Release_portal\/portal_client.obj
         .\Release_portal\/portal_collideable_enumerator.obj
         .\Release_portal\/Portal_CustomStatsVisualizer.obj
         .\Release_portal\/portal_gamemovement.obj
         .\Release_portal\/portal_gamerules.obj
         .\Release_portal\/portal_gamestats.obj
         .\Release_portal\/portal_physics_collisionevent.obj
         .\Release_portal\/portal_placement.obj
         .\Release_portal\/portal_player.obj
         .\Release_portal\/portal_player_shared.obj
         .\Release_portal\/portal_playeranimstate.obj
         .\Release_portal\/portal_radio.obj
         .\Release_portal\/portal_shareddefs.obj
         .\Release_portal\/portal_usermessages.obj
         .\Release_portal\/portal_util_shared.obj
         .\Release_portal\/portal_weapon_parse.obj
         .\Release_portal\/PortalSimulation.obj
         .\Release_portal\/prop_energy_ball.obj
         .\Release_portal\/prop_glados_core.obj
         .\Release_portal\/prop_portal.obj
         .\Release_portal\/prop_portal_shared.obj
         .\Release_portal\/prop_portal_stats_display.obj
         .\Release_portal\/prop_telescopic_arm.obj
         .\Release_portal\/StaticCollisionPolyhedronCache.obj
         .\Release_portal\/trigger_portal_cleanser.obj
         .\Release_portal\/weapon_physcannon.obj
         .\Release_portal\/weapon_portalbase.obj
         .\Release_portal\/weapon_portalbasecombatweapon.obj
         .\Release_portal\/weapon_portalgun.obj
         .\Release_portal\/weapon_portalgun_shared.obj
         .\Release_portal\/stdafx.obj
         .\Release_portal\/basetempentity.obj
         .\Release_portal\/event_tempentity_tester.obj
         .\Release_portal\/movie_explosion.obj
         .\Release_portal\/particle_fire.obj
         .\Release_portal\/particle_smokegrenade.obj
         .\Release_portal\/plasma.obj
         .\Release_portal\/smoke_trail.obj
         .\Release_portal\/smokestack.obj
         .\Release_portal\/SpriteTrail.obj
         .\Release_portal\/steamjet.obj
         .\Release_portal\/te.obj
         .\Release_portal\/te_armorricochet.obj
         .\Release_portal\/te_basebeam.obj
         .\Release_portal\/te_beamentpoint.obj
         .\Release_portal\/te_beaments.obj
         .\Release_portal\/te_beamfollow.obj
         .\Release_portal\/te_beamlaser.obj
         .\Release_portal\/te_beampoints.obj
         .\Release_portal\/te_beamring.obj
         .\Release_portal\/te_beamringpoint.obj
         .\Release_portal\/te_beamspline.obj
         .\Release_portal\/te_bloodsprite.obj
         .\Release_portal\/te_bloodstream.obj
         .\Release_portal\/te_breakmodel.obj
         .\Release_portal\/te_bspdecal.obj
         .\Release_portal\/te_bubbles.obj
         .\Release_portal\/te_bubbletrail.obj
         .\Release_portal\/te_clientprojectile.obj
         .\Release_portal\/te_decal.obj
         .\Release_portal\/te_dynamiclight.obj
         .\Release_portal\/te_effect_dispatch.obj
         .\Release_portal\/te_energysplash.obj
         .\Release_portal\/te_explosion.obj
         .\Release_portal\/te_fizz.obj
         .\Release_portal\/te_footprintdecal.obj
         .\Release_portal\/te_gaussexplosion.obj
         .\Release_portal\/te_glassshatter.obj
         .\Release_portal\/te_glowsprite.obj
         .\Release_portal\/te_impact.obj
         .\Release_portal\/te_killplayerattachments.obj
         .\Release_portal\/te_largefunnel.obj
         .\Release_portal\/te_muzzleflash.obj
         .\Release_portal\/te_particlesystem.obj
         .\Release_portal\/te_physicsprop.obj
         .\Release_portal\/te_playerdecal.obj
         .\Release_portal\/te_projecteddecal.obj
         .\Release_portal\/te_showline.obj
         .\Release_portal\/te_smoke.obj
         .\Release_portal\/te_sparks.obj
         .\Release_portal\/te_sprite.obj
         .\Release_portal\/te_spritespray.obj
         .\Release_portal\/te_worlddecal.obj
         .\Release_portal\/usermessages.obj
         .\Release_portal\/entity_tools_server.obj
         .\Release_portal\/toolframework_server.obj
         ..\..\lib\public\choreoobjects.lib
         ..\..\lib\public\dmxloader.lib
         ..\..\lib\public\libprotobuf.lib
         ..\..\lib\public\mathlib.lib
         ..\..\lib\public\particles.lib
         ..\..\lib\public\steam_api.lib
         ..\..\lib\public\tier0.lib
         ..\..\lib\public\tier1.lib
         ..\..\lib\public\tier2.lib
         ..\..\lib\public\tier3.lib
         ..\..\lib\public\vstdlib.lib
            Creating library .\Release_portal\server.lib and object .\Release_portal\server.exp
         server_portal.vcxproj -> C:\Users\FredrichVonPreussen\Downloads\portal-sdk-2013-master\portal-sdk-2013-master\src\game\server\.\Release_portal\server.dll
       PostBuildEvent:
         if not exist "..\..\..\game\portal\bin\." mkdir "..\..\..\game\portal\bin\."
         copy "C:\Users\FredrichVonPreussen\Downloads\portal-sdk-2013-master\portal-sdk-2013-master\src\game\server\Release_portal\server.dll" "..\..\..\game\portal\bin\.\server.dll"
         if ERRORLEVEL 1 goto BuildEventFailed
         if exist "C:\Users\FredrichVonPreussen\Downloads\portal-sdk-2013-master\portal-sdk-2013-master\src\game\server\Release_portal\server.map" copy "C:\Users\FredrichVonPreussen\Downloads\portal-sdk-2013-master\portal-sdk-2013-master\src\game\server\Release_portal\server.map" ..\..\..\game\portal\bin\.\server.map
         copy "C:\Users\FredrichVonPreussen\Downloads\portal-sdk-2013-master\portal-sdk-2013-master\src\game\server\Release_portal\server.pdb" ..\..\..\game\portal\bin\.\server.pdb
         if ERRORLEVEL 1 goto BuildEventFailed
         goto BuildEventOK
         :BuildEventFailed
         echo *** ERROR! PostBuildStep FAILED for Server (Portal)! EXE or DLL is probably running. ***
         del /q "C:\Users\FredrichVonPreussen\Downloads\portal-sdk-2013-master\portal-sdk-2013-master\src\game\server\Release_portal\server.dll"
         exit 1
         :BuildEventOK
         
         :VCEnd
                 1 file(s) copied.
                 1 file(s) copied.
     1>Done Building Project "C:\Users\FredrichVonPreussen\Downloads\portal-sdk-2013-master\portal-sdk-2013-master\src\game\server\server_portal.vcxproj" (Rebuild target(s)).

Build succeeded.

Time Elapsed 00:01:13.91
